17-Jun-2021 13:07:22.366 INFO [main] org.apache.catalina.startup.VersionLoggerListener.log Server version name:   Apache Tomcat/8.5.64
17-Jun-2021 13:07:22.370 INFO [main] org.apache.catalina.startup.VersionLoggerListener.log Server built:          Mar 4 2021 23:14:16 UTC
17-Jun-2021 13:07:22.371 INFO [main] org.apache.catalina.startup.VersionLoggerListener.log Server version number: 8.5.64.0
17-Jun-2021 13:07:22.371 INFO [main] org.apache.catalina.startup.VersionLoggerListener.log OS Name:               Windows 10
17-Jun-2021 13:07:22.371 INFO [main] org.apache.catalina.startup.VersionLoggerListener.log OS Version:            10.0
17-Jun-2021 13:07:22.371 INFO [main] org.apache.catalina.startup.VersionLoggerListener.log Architecture:          amd64
17-Jun-2021 13:07:22.371 INFO [main] org.apache.catalina.startup.VersionLoggerListener.log Java Home:             C:\Program Files\Java\jdk-14.0.1
17-Jun-2021 13:07:22.371 INFO [main] org.apache.catalina.startup.VersionLoggerListener.log JVM Version:           14.0.1+7
17-Jun-2021 13:07:22.372 INFO [main] org.apache.catalina.startup.VersionLoggerListener.log JVM Vendor:            Oracle Corporation
17-Jun-2021 13:07:22.372 INFO [main] org.apache.catalina.startup.VersionLoggerListener.log CATALINA_BASE:         C:\Users\admin\OneDrive\Documents\NetBeansProjects\Management_Mobile\apache-tomcat-8.5.64
17-Jun-2021 13:07:22.372 INFO [main] org.apache.catalina.startup.VersionLoggerListener.log CATALINA_HOME:         C:\Users\admin\OneDrive\Documents\NetBeansProjects\Management_Mobile\apache-tomcat-8.5.64
17-Jun-2021 13:07:22.376 INFO [main] org.apache.catalina.startup.VersionLoggerListener.log Command line argument: --add-opens=java.base/java.lang=ALL-UNNAMED
17-Jun-2021 13:07:22.376 INFO [main] org.apache.catalina.startup.VersionLoggerListener.log Command line argument: --add-opens=java.base/java.io=ALL-UNNAMED
17-Jun-2021 13:07:22.377 INFO [main] org.apache.catalina.startup.VersionLoggerListener.log Command line argument: --add-opens=java.base/java.util=ALL-UNNAMED
17-Jun-2021 13:07:22.377 INFO [main] org.apache.catalina.startup.VersionLoggerListener.log Command line argument: --add-opens=java.base/java.util.concurrent=ALL-UNNAMED
17-Jun-2021 13:07:22.377 INFO [main] org.apache.catalina.startup.VersionLoggerListener.log Command line argument: --add-opens=java.rmi/sun.rmi.transport=ALL-UNNAMED
17-Jun-2021 13:07:22.377 INFO [main] org.apache.catalina.startup.VersionLoggerListener.log Command line argument: -Djava.util.logging.config.file=C:\Users\admin\OneDrive\Documents\NetBeansProjects\Management_Mobile\apache-tomcat-8.5.64\conf\logging.properties
17-Jun-2021 13:07:22.377 INFO [main] org.apache.catalina.startup.VersionLoggerListener.log Command line argument: -Djava.util.logging.manager=org.apache.juli.ClassLoaderLogManager
17-Jun-2021 13:07:22.377 INFO [main] org.apache.catalina.startup.VersionLoggerListener.log Command line argument: -Dhttp.nonProxyHosts=localhost|127.0.0.1|DESKTOP-MBMJ2MM
17-Jun-2021 13:07:22.377 INFO [main] org.apache.catalina.startup.VersionLoggerListener.log Command line argument: -Djdk.tls.ephemeralDHKeySize=2048
17-Jun-2021 13:07:22.378 INFO [main] org.apache.catalina.startup.VersionLoggerListener.log Command line argument: -Djava.protocol.handler.pkgs=org.apache.catalina.webresources
17-Jun-2021 13:07:22.378 INFO [main] org.apache.catalina.startup.VersionLoggerListener.log Command line argument: -Dignore.endorsed.dirs=
17-Jun-2021 13:07:22.378 INFO [main] org.apache.catalina.startup.VersionLoggerListener.log Command line argument: -Dcatalina.base=C:\Users\admin\OneDrive\Documents\NetBeansProjects\Management_Mobile\apache-tomcat-8.5.64
17-Jun-2021 13:07:22.378 INFO [main] org.apache.catalina.startup.VersionLoggerListener.log Command line argument: -Dcatalina.home=C:\Users\admin\OneDrive\Documents\NetBeansProjects\Management_Mobile\apache-tomcat-8.5.64
17-Jun-2021 13:07:22.378 INFO [main] org.apache.catalina.startup.VersionLoggerListener.log Command line argument: -Djava.io.tmpdir=C:\Users\admin\OneDrive\Documents\NetBeansProjects\Management_Mobile\apache-tomcat-8.5.64\temp
17-Jun-2021 13:07:22.470 INFO [main] org.apache.catalina.core.AprLifecycleListener.lifecycleEvent Loaded Apache Tomcat Native library [1.2.26] using APR version [1.7.0].
17-Jun-2021 13:07:22.470 INFO [main] org.apache.catalina.core.AprLifecycleListener.lifecycleEvent APR capabilities: IPv6 [true], sendfile [true], accept filters [false], random [true].
17-Jun-2021 13:07:22.470 INFO [main] org.apache.catalina.core.AprLifecycleListener.lifecycleEvent APR/OpenSSL configuration: useAprConnector [false], useOpenSSL [true]
17-Jun-2021 13:07:22.493 INFO [main] org.apache.catalina.core.AprLifecycleListener.initializeSSL OpenSSL successfully initialized [OpenSSL 1.1.1i  8 Dec 2020]
17-Jun-2021 13:07:22.589 INFO [main] org.apache.coyote.AbstractProtocol.init Initializing ProtocolHandler ["http-nio-8080"]
17-Jun-2021 13:07:22.692 INFO [main] org.apache.tomcat.util.net.NioSelectorPool.getSharedSelector Using a shared selector for servlet write/read
17-Jun-2021 13:07:22.711 INFO [main] org.apache.catalina.startup.Catalina.load Initialization processed in 1067 ms
17-Jun-2021 13:07:22.786 INFO [main] org.apache.catalina.core.StandardService.startInternal Starting service [Catalina]
17-Jun-2021 13:07:22.786 INFO [main] org.apache.catalina.core.StandardEngine.startInternal Starting Servlet Engine: Apache Tomcat/8.5.64
17-Jun-2021 13:07:22.803 INFO [localhost-startStop-1] org.apache.catalina.startup.HostConfig.deployDescriptor Deploying deployment descriptor [C:\Users\admin\OneDrive\Documents\NetBeansProjects\Management_Mobile\apache-tomcat-8.5.64\conf\Catalina\localhost\Management_Mobile.xml]
17-Jun-2021 13:07:26.930 INFO [localhost-startStop-1] org.apache.jasper.servlet.TldScanner.scanJars At least one JAR was scanned for TLDs yet contained no TLDs. Enable debug logging for this logger for a complete list of JARs that were scanned but no TLDs were found in them. Skipping unneeded JARs during scanning can improve startup time and JSP compilation time.
17-Jun-2021 13:07:27.105 INFO [localhost-startStop-1] org.springframework.web.context.ContextLoader.initWebApplicationContext Root WebApplicationContext: initialization started
17-Jun-2021 13:07:27.304 INFO [localhost-startStop-1] org.springframework.web.context.support.XmlWebApplicationContext.prepareRefresh Refreshing Root WebApplicationContext: startup date [Thu Jun 17 13:07:27 ICT 2021]; root of context hierarchy
17-Jun-2021 13:07:27.448 INFO [localhost-startStop-1] org.springframework.beans.factory.xml.XmlBeanDefinitionReader.loadBeanDefinitions Loading XML bean definitions from ServletContext resource [/WEB-INF/applicationContext.xml]
17-Jun-2021 13:07:27.748 INFO [localhost-startStop-1] org.springframework.web.context.ContextLoader.initWebApplicationContext Root WebApplicationContext: initialization completed in 643 ms
17-Jun-2021 13:07:27.848 INFO [localhost-startStop-1] org.springframework.web.servlet.DispatcherServlet.initServletBean FrameworkServlet 'dispatcher': initialization started
17-Jun-2021 13:07:27.885 INFO [localhost-startStop-1] org.springframework.web.context.support.XmlWebApplicationContext.prepareRefresh Refreshing WebApplicationContext for namespace 'dispatcher-servlet': startup date [Thu Jun 17 13:07:27 ICT 2021]; parent: Root WebApplicationContext
17-Jun-2021 13:07:27.886 INFO [localhost-startStop-1] org.springframework.beans.factory.xml.XmlBeanDefinitionReader.loadBeanDefinitions Loading XML bean definitions from ServletContext resource [/WEB-INF/dispatcher-servlet.xml]
17-Jun-2021 13:07:28.297 INFO [localhost-startStop-1] org.springframework.web.servlet.handler.SimpleUrlHandlerMapping.registerHandler Mapped URL path [/index.htm] onto handler 'indexController'
17-Jun-2021 13:07:28.475 INFO [localhost-startStop-1] org.springframework.web.servlet.DispatcherServlet.initServletBean FrameworkServlet 'dispatcher': initialization completed in 627 ms
17-Jun-2021 13:07:28.504 INFO [localhost-startStop-1] org.apache.catalina.startup.HostConfig.deployDescriptor Deployment of deployment descriptor [C:\Users\admin\OneDrive\Documents\NetBeansProjects\Management_Mobile\apache-tomcat-8.5.64\conf\Catalina\localhost\Management_Mobile.xml] has finished in [5,699] ms
17-Jun-2021 13:07:28.506 INFO [localhost-startStop-1] org.apache.catalina.startup.HostConfig.deployDirectory Deploying web application directory [C:\Users\admin\OneDrive\Documents\NetBeansProjects\Management_Mobile\apache-tomcat-8.5.64\webapps\docs]
17-Jun-2021 13:07:28.567 INFO [localhost-startStop-1] org.apache.catalina.startup.HostConfig.deployDirectory Deployment of web application directory [C:\Users\admin\OneDrive\Documents\NetBeansProjects\Management_Mobile\apache-tomcat-8.5.64\webapps\docs] has finished in [57] ms
17-Jun-2021 13:07:28.568 INFO [localhost-startStop-1] org.apache.catalina.startup.HostConfig.deployDirectory Deploying web application directory [C:\Users\admin\OneDrive\Documents\NetBeansProjects\Management_Mobile\apache-tomcat-8.5.64\webapps\examples]
17-Jun-2021 13:07:29.573 INFO [localhost-startStop-1] org.apache.catalina.startup.HostConfig.deployDirectory Deployment of web application directory [C:\Users\admin\OneDrive\Documents\NetBeansProjects\Management_Mobile\apache-tomcat-8.5.64\webapps\examples] has finished in [1,004] ms
17-Jun-2021 13:07:29.573 INFO [localhost-startStop-1] org.apache.catalina.startup.HostConfig.deployDirectory Deploying web application directory [C:\Users\admin\OneDrive\Documents\NetBeansProjects\Management_Mobile\apache-tomcat-8.5.64\webapps\host-manager]
17-Jun-2021 13:07:29.644 INFO [localhost-startStop-1] org.apache.catalina.startup.HostConfig.deployDirectory Deployment of web application directory [C:\Users\admin\OneDrive\Documents\NetBeansProjects\Management_Mobile\apache-tomcat-8.5.64\webapps\host-manager] has finished in [71] ms
17-Jun-2021 13:07:29.644 INFO [localhost-startStop-1] org.apache.catalina.startup.HostConfig.deployDirectory Deploying web application directory [C:\Users\admin\OneDrive\Documents\NetBeansProjects\Management_Mobile\apache-tomcat-8.5.64\webapps\manager]
17-Jun-2021 13:07:29.709 INFO [localhost-startStop-1] org.apache.catalina.startup.HostConfig.deployDirectory Deployment of web application directory [C:\Users\admin\OneDrive\Documents\NetBeansProjects\Management_Mobile\apache-tomcat-8.5.64\webapps\manager] has finished in [65] ms
17-Jun-2021 13:07:29.710 INFO [localhost-startStop-1] org.apache.catalina.startup.HostConfig.deployDirectory Deploying web application directory [C:\Users\admin\OneDrive\Documents\NetBeansProjects\Management_Mobile\apache-tomcat-8.5.64\webapps\ROOT]
17-Jun-2021 13:07:29.772 INFO [localhost-startStop-1] org.apache.catalina.startup.HostConfig.deployDirectory Deployment of web application directory [C:\Users\admin\OneDrive\Documents\NetBeansProjects\Management_Mobile\apache-tomcat-8.5.64\webapps\ROOT] has finished in [62] ms
17-Jun-2021 13:07:29.798 INFO [main] org.apache.coyote.AbstractProtocol.start Starting ProtocolHandler ["http-nio-8080"]
17-Jun-2021 13:07:29.821 INFO [main] org.apache.catalina.startup.Catalina.start Server startup in 7108 ms
17-Jun-2021 13:07:35.379 INFO [http-nio-8080-exec-2] org.springframework.web.context.support.XmlWebApplicationContext.doClose Closing WebApplicationContext for namespace 'dispatcher-servlet': startup date [Thu Jun 17 13:07:27 ICT 2021]; parent: Root WebApplicationContext
17-Jun-2021 13:07:35.385 INFO [http-nio-8080-exec-2] org.springframework.web.context.support.XmlWebApplicationContext.doClose Closing Root WebApplicationContext: startup date [Thu Jun 17 13:07:27 ICT 2021]; root of context hierarchy
17-Jun-2021 13:07:36.952 INFO [http-nio-8080-exec-8] org.apache.jasper.servlet.TldScanner.scanJars At least one JAR was scanned for TLDs yet contained no TLDs. Enable debug logging for this logger for a complete list of JARs that were scanned but no TLDs were found in them. Skipping unneeded JARs during scanning can improve startup time and JSP compilation time.
17-Jun-2021 13:07:37.007 INFO [http-nio-8080-exec-8] org.springframework.web.context.ContextLoader.initWebApplicationContext Root WebApplicationContext: initialization started
17-Jun-2021 13:07:37.092 INFO [http-nio-8080-exec-8] org.springframework.web.context.support.XmlWebApplicationContext.prepareRefresh Refreshing Root WebApplicationContext: startup date [Thu Jun 17 13:07:37 ICT 2021]; root of context hierarchy
17-Jun-2021 13:07:37.149 INFO [http-nio-8080-exec-8] org.springframework.beans.factory.xml.XmlBeanDefinitionReader.loadBeanDefinitions Loading XML bean definitions from ServletContext resource [/WEB-INF/applicationContext.xml]
17-Jun-2021 13:07:37.230 INFO [http-nio-8080-exec-8] org.springframework.web.context.ContextLoader.initWebApplicationContext Root WebApplicationContext: initialization completed in 223 ms
17-Jun-2021 13:07:37.236 INFO [http-nio-8080-exec-8] org.springframework.web.servlet.DispatcherServlet.initServletBean FrameworkServlet 'dispatcher': initialization started
17-Jun-2021 13:07:37.247 INFO [http-nio-8080-exec-8] org.springframework.web.context.support.XmlWebApplicationContext.prepareRefresh Refreshing WebApplicationContext for namespace 'dispatcher-servlet': startup date [Thu Jun 17 13:07:37 ICT 2021]; parent: Root WebApplicationContext
17-Jun-2021 13:07:37.247 INFO [http-nio-8080-exec-8] org.springframework.beans.factory.xml.XmlBeanDefinitionReader.loadBeanDefinitions Loading XML bean definitions from ServletContext resource [/WEB-INF/dispatcher-servlet.xml]
17-Jun-2021 13:07:37.387 INFO [http-nio-8080-exec-8] org.springframework.web.servlet.handler.SimpleUrlHandlerMapping.registerHandler Mapped URL path [/index.htm] onto handler 'indexController'
17-Jun-2021 13:07:37.452 INFO [http-nio-8080-exec-8] org.springframework.web.servlet.DispatcherServlet.initServletBean FrameworkServlet 'dispatcher': initialization completed in 216 ms
17-Jun-2021 13:58:50.031 INFO [main] org.apache.catalina.core.StandardServer.await A valid shutdown command was received via the shutdown port. Stopping the Server instance.
17-Jun-2021 13:58:50.031 INFO [main] org.apache.coyote.AbstractProtocol.pause Pausing ProtocolHandler ["http-nio-8080"]
17-Jun-2021 13:58:50.056 INFO [main] org.apache.catalina.core.StandardService.stopInternal Stopping service [Catalina]
17-Jun-2021 13:58:50.077 INFO [localhost-startStop-2] org.springframework.web.context.support.XmlWebApplicationContext.doClose Closing WebApplicationContext for namespace 'dispatcher-servlet': startup date [Thu Jun 17 13:07:37 ICT 2021]; parent: Root WebApplicationContext
17-Jun-2021 13:58:50.083 INFO [localhost-startStop-2] org.springframework.web.context.support.XmlWebApplicationContext.doClose Closing Root WebApplicationContext: startup date [Thu Jun 17 13:07:37 ICT 2021]; root of context hierarchy
17-Jun-2021 13:58:50.106 WARNING [localhost-startStop-2] org.apache.catalina.loader.WebappClassLoaderBase.clearReferencesJdbc The web application [Management_Mobile] registered the JDBC driver [com.microsoft.sqlserver.jdbc.SQLServerDriver] but failed to unregister it when the web application was stopped. To prevent a memory leak, the JDBC Driver has been forcibly unregistered.
17-Jun-2021 13:58:50.128 INFO [main] org.apache.coyote.AbstractProtocol.stop Stopping ProtocolHandler ["http-nio-8080"]
17-Jun-2021 13:58:50.132 INFO [main] org.apache.coyote.AbstractProtocol.destroy Destroying ProtocolHandler ["http-nio-8080"]
17-Jun-2021 17:03:08.093 INFO [main] org.apache.catalina.startup.VersionLoggerListener.log Server version name:   Apache Tomcat/8.5.64
17-Jun-2021 17:03:08.096 INFO [main] org.apache.catalina.startup.VersionLoggerListener.log Server built:          Mar 4 2021 23:14:16 UTC
17-Jun-2021 17:03:08.097 INFO [main] org.apache.catalina.startup.VersionLoggerListener.log Server version number: 8.5.64.0
17-Jun-2021 17:03:08.097 INFO [main] org.apache.catalina.startup.VersionLoggerListener.log OS Name:               Windows 10
17-Jun-2021 17:03:08.097 INFO [main] org.apache.catalina.startup.VersionLoggerListener.log OS Version:            10.0
17-Jun-2021 17:03:08.097 INFO [main] org.apache.catalina.startup.VersionLoggerListener.log Architecture:          amd64
17-Jun-2021 17:03:08.097 INFO [main] org.apache.catalina.startup.VersionLoggerListener.log Java Home:             C:\Program Files\Java\jdk-14.0.1
17-Jun-2021 17:03:08.097 INFO [main] org.apache.catalina.startup.VersionLoggerListener.log JVM Version:           14.0.1+7
17-Jun-2021 17:03:08.097 INFO [main] org.apache.catalina.startup.VersionLoggerListener.log JVM Vendor:            Oracle Corporation
17-Jun-2021 17:03:08.097 INFO [main] org.apache.catalina.startup.VersionLoggerListener.log CATALINA_BASE:         C:\Users\admin\OneDrive\Documents\NetBeansProjects\Management_Mobile\apache-tomcat-8.5.64
17-Jun-2021 17:03:08.097 INFO [main] org.apache.catalina.startup.VersionLoggerListener.log CATALINA_HOME:         C:\Users\admin\OneDrive\Documents\NetBeansProjects\Management_Mobile\apache-tomcat-8.5.64
17-Jun-2021 17:03:08.100 INFO [main] org.apache.catalina.startup.VersionLoggerListener.log Command line argument: --add-opens=java.base/java.lang=ALL-UNNAMED
17-Jun-2021 17:03:08.100 INFO [main] org.apache.catalina.startup.VersionLoggerListener.log Command line argument: --add-opens=java.base/java.io=ALL-UNNAMED
17-Jun-2021 17:03:08.100 INFO [main] org.apache.catalina.startup.VersionLoggerListener.log Command line argument: --add-opens=java.base/java.util=ALL-UNNAMED
17-Jun-2021 17:03:08.100 INFO [main] org.apache.catalina.startup.VersionLoggerListener.log Command line argument: --add-opens=java.base/java.util.concurrent=ALL-UNNAMED
17-Jun-2021 17:03:08.101 INFO [main] org.apache.catalina.startup.VersionLoggerListener.log Command line argument: --add-opens=java.rmi/sun.rmi.transport=ALL-UNNAMED
17-Jun-2021 17:03:08.101 INFO [main] org.apache.catalina.startup.VersionLoggerListener.log Command line argument: -Djava.util.logging.config.file=C:\Users\admin\OneDrive\Documents\NetBeansProjects\Management_Mobile\apache-tomcat-8.5.64\conf\logging.properties
17-Jun-2021 17:03:08.101 INFO [main] org.apache.catalina.startup.VersionLoggerListener.log Command line argument: -Djava.util.logging.manager=org.apache.juli.ClassLoaderLogManager
17-Jun-2021 17:03:08.101 INFO [main] org.apache.catalina.startup.VersionLoggerListener.log Command line argument: -Dhttp.nonProxyHosts=localhost|127.0.0.1|DESKTOP-MBMJ2MM
17-Jun-2021 17:03:08.101 INFO [main] org.apache.catalina.startup.VersionLoggerListener.log Command line argument: -Djdk.tls.ephemeralDHKeySize=2048
17-Jun-2021 17:03:08.101 INFO [main] org.apache.catalina.startup.VersionLoggerListener.log Command line argument: -Djava.protocol.handler.pkgs=org.apache.catalina.webresources
17-Jun-2021 17:03:08.101 INFO [main] org.apache.catalina.startup.VersionLoggerListener.log Command line argument: -Dignore.endorsed.dirs=
17-Jun-2021 17:03:08.102 INFO [main] org.apache.catalina.startup.VersionLoggerListener.log Command line argument: -Dcatalina.base=C:\Users\admin\OneDrive\Documents\NetBeansProjects\Management_Mobile\apache-tomcat-8.5.64
17-Jun-2021 17:03:08.102 INFO [main] org.apache.catalina.startup.VersionLoggerListener.log Command line argument: -Dcatalina.home=C:\Users\admin\OneDrive\Documents\NetBeansProjects\Management_Mobile\apache-tomcat-8.5.64
17-Jun-2021 17:03:08.102 INFO [main] org.apache.catalina.startup.VersionLoggerListener.log Command line argument: -Djava.io.tmpdir=C:\Users\admin\OneDrive\Documents\NetBeansProjects\Management_Mobile\apache-tomcat-8.5.64\temp
17-Jun-2021 17:03:08.178 INFO [main] org.apache.catalina.core.AprLifecycleListener.lifecycleEvent Loaded Apache Tomcat Native library [1.2.26] using APR version [1.7.0].
17-Jun-2021 17:03:08.178 INFO [main] org.apache.catalina.core.AprLifecycleListener.lifecycleEvent APR capabilities: IPv6 [true], sendfile [true], accept filters [false], random [true].
17-Jun-2021 17:03:08.178 INFO [main] org.apache.catalina.core.AprLifecycleListener.lifecycleEvent APR/OpenSSL configuration: useAprConnector [false], useOpenSSL [true]
17-Jun-2021 17:03:08.186 INFO [main] org.apache.catalina.core.AprLifecycleListener.initializeSSL OpenSSL successfully initialized [OpenSSL 1.1.1i  8 Dec 2020]
17-Jun-2021 17:03:08.275 INFO [main] org.apache.coyote.AbstractProtocol.init Initializing ProtocolHandler ["http-nio-8080"]
17-Jun-2021 17:03:08.369 INFO [main] org.apache.tomcat.util.net.NioSelectorPool.getSharedSelector Using a shared selector for servlet write/read
17-Jun-2021 17:03:08.402 INFO [main] org.apache.catalina.startup.Catalina.load Initialization processed in 956 ms
17-Jun-2021 17:03:08.512 INFO [main] org.apache.catalina.core.StandardService.startInternal Starting service [Catalina]
17-Jun-2021 17:03:08.513 INFO [main] org.apache.catalina.core.StandardEngine.startInternal Starting Servlet Engine: Apache Tomcat/8.5.64
17-Jun-2021 17:03:08.530 INFO [localhost-startStop-1] org.apache.catalina.startup.HostConfig.deployDescriptor Deploying deployment descriptor [C:\Users\admin\OneDrive\Documents\NetBeansProjects\Management_Mobile\apache-tomcat-8.5.64\conf\Catalina\localhost\Management_Mobile.xml]
17-Jun-2021 17:03:12.046 INFO [localhost-startStop-1] org.apache.jasper.servlet.TldScanner.scanJars At least one JAR was scanned for TLDs yet contained no TLDs. Enable debug logging for this logger for a complete list of JARs that were scanned but no TLDs were found in them. Skipping unneeded JARs during scanning can improve startup time and JSP compilation time.
17-Jun-2021 17:03:12.192 INFO [localhost-startStop-1] org.springframework.web.context.ContextLoader.initWebApplicationContext Root WebApplicationContext: initialization started
17-Jun-2021 17:03:12.381 INFO [localhost-startStop-1] org.springframework.web.context.support.XmlWebApplicationContext.prepareRefresh Refreshing Root WebApplicationContext: startup date [Thu Jun 17 17:03:12 ICT 2021]; root of context hierarchy
17-Jun-2021 17:03:12.514 INFO [localhost-startStop-1] org.springframework.beans.factory.xml.XmlBeanDefinitionReader.loadBeanDefinitions Loading XML bean definitions from ServletContext resource [/WEB-INF/applicationContext.xml]
17-Jun-2021 17:03:12.744 INFO [localhost-startStop-1] org.springframework.web.context.ContextLoader.initWebApplicationContext Root WebApplicationContext: initialization completed in 552 ms
17-Jun-2021 17:03:12.805 INFO [localhost-startStop-1] org.springframework.web.servlet.DispatcherServlet.initServletBean FrameworkServlet 'dispatcher': initialization started
17-Jun-2021 17:03:12.833 INFO [localhost-startStop-1] org.springframework.web.context.support.XmlWebApplicationContext.prepareRefresh Refreshing WebApplicationContext for namespace 'dispatcher-servlet': startup date [Thu Jun 17 17:03:12 ICT 2021]; parent: Root WebApplicationContext
17-Jun-2021 17:03:12.834 INFO [localhost-startStop-1] org.springframework.beans.factory.xml.XmlBeanDefinitionReader.loadBeanDefinitions Loading XML bean definitions from ServletContext resource [/WEB-INF/dispatcher-servlet.xml]
17-Jun-2021 17:03:13.130 INFO [localhost-startStop-1] org.springframework.web.servlet.handler.SimpleUrlHandlerMapping.registerHandler Mapped URL path [/index.htm] onto handler 'indexController'
17-Jun-2021 17:03:13.269 INFO [localhost-startStop-1] org.springframework.web.servlet.DispatcherServlet.initServletBean FrameworkServlet 'dispatcher': initialization completed in 464 ms
17-Jun-2021 17:03:13.290 INFO [localhost-startStop-1] org.apache.catalina.startup.HostConfig.deployDescriptor Deployment of deployment descriptor [C:\Users\admin\OneDrive\Documents\NetBeansProjects\Management_Mobile\apache-tomcat-8.5.64\conf\Catalina\localhost\Management_Mobile.xml] has finished in [4,759] ms
17-Jun-2021 17:03:13.292 INFO [localhost-startStop-1] org.apache.catalina.startup.HostConfig.deployDirectory Deploying web application directory [C:\Users\admin\OneDrive\Documents\NetBeansProjects\Management_Mobile\apache-tomcat-8.5.64\webapps\docs]
17-Jun-2021 17:03:13.329 INFO [localhost-startStop-1] org.apache.catalina.startup.HostConfig.deployDirectory Deployment of web application directory [C:\Users\admin\OneDrive\Documents\NetBeansProjects\Management_Mobile\apache-tomcat-8.5.64\webapps\docs] has finished in [36] ms
17-Jun-2021 17:03:13.329 INFO [localhost-startStop-1] org.apache.catalina.startup.HostConfig.deployDirectory Deploying web application directory [C:\Users\admin\OneDrive\Documents\NetBeansProjects\Management_Mobile\apache-tomcat-8.5.64\webapps\examples]
17-Jun-2021 17:03:14.013 INFO [localhost-startStop-1] org.apache.catalina.startup.HostConfig.deployDirectory Deployment of web application directory [C:\Users\admin\OneDrive\Documents\NetBeansProjects\Management_Mobile\apache-tomcat-8.5.64\webapps\examples] has finished in [683] ms
17-Jun-2021 17:03:14.013 INFO [localhost-startStop-1] org.apache.catalina.startup.HostConfig.deployDirectory Deploying web application directory [C:\Users\admin\OneDrive\Documents\NetBeansProjects\Management_Mobile\apache-tomcat-8.5.64\webapps\host-manager]
17-Jun-2021 17:03:14.077 INFO [localhost-startStop-1] org.apache.catalina.startup.HostConfig.deployDirectory Deployment of web application directory [C:\Users\admin\OneDrive\Documents\NetBeansProjects\Management_Mobile\apache-tomcat-8.5.64\webapps\host-manager] has finished in [63] ms
17-Jun-2021 17:03:14.077 INFO [localhost-startStop-1] org.apache.catalina.startup.HostConfig.deployDirectory Deploying web application directory [C:\Users\admin\OneDrive\Documents\NetBeansProjects\Management_Mobile\apache-tomcat-8.5.64\webapps\manager]
17-Jun-2021 17:03:14.131 INFO [localhost-startStop-1] org.apache.catalina.startup.HostConfig.deployDirectory Deployment of web application directory [C:\Users\admin\OneDrive\Documents\NetBeansProjects\Management_Mobile\apache-tomcat-8.5.64\webapps\manager] has finished in [54] ms
17-Jun-2021 17:03:14.132 INFO [localhost-startStop-1] org.apache.catalina.startup.HostConfig.deployDirectory Deploying web application directory [C:\Users\admin\OneDrive\Documents\NetBeansProjects\Management_Mobile\apache-tomcat-8.5.64\webapps\ROOT]
17-Jun-2021 17:03:14.181 INFO [localhost-startStop-1] org.apache.catalina.startup.HostConfig.deployDirectory Deployment of web application directory [C:\Users\admin\OneDrive\Documents\NetBeansProjects\Management_Mobile\apache-tomcat-8.5.64\webapps\ROOT] has finished in [49] ms
17-Jun-2021 17:03:14.187 INFO [main] org.apache.coyote.AbstractProtocol.start Starting ProtocolHandler ["http-nio-8080"]
17-Jun-2021 17:03:14.207 INFO [main] org.apache.catalina.startup.Catalina.start Server startup in 5805 ms
17-Jun-2021 17:03:14.463 INFO [http-nio-8080-exec-7] org.springframework.web.context.support.XmlWebApplicationContext.doClose Closing WebApplicationContext for namespace 'dispatcher-servlet': startup date [Thu Jun 17 17:03:12 ICT 2021]; parent: Root WebApplicationContext
17-Jun-2021 17:03:14.475 INFO [http-nio-8080-exec-7] org.springframework.web.context.support.XmlWebApplicationContext.doClose Closing Root WebApplicationContext: startup date [Thu Jun 17 17:03:12 ICT 2021]; root of context hierarchy
17-Jun-2021 17:03:15.017 INFO [http-nio-8080-exec-7] org.apache.catalina.startup.HostConfig.undeploy Undeploying context [/Management_Mobile]
17-Jun-2021 17:03:15.049 INFO [http-nio-8080-exec-4] org.apache.catalina.startup.HostConfig.deployDescriptor Deploying deployment descriptor [C:\Users\admin\OneDrive\Documents\NetBeansProjects\Management_Mobile\apache-tomcat-8.5.64\conf\Catalina\localhost\Management_Mobile.xml]
17-Jun-2021 17:03:17.513 INFO [http-nio-8080-exec-4] org.apache.jasper.servlet.TldScanner.scanJars At least one JAR was scanned for TLDs yet contained no TLDs. Enable debug logging for this logger for a complete list of JARs that were scanned but no TLDs were found in them. Skipping unneeded JARs during scanning can improve startup time and JSP compilation time.
17-Jun-2021 17:03:17.600 INFO [http-nio-8080-exec-4] org.springframework.web.context.ContextLoader.initWebApplicationContext Root WebApplicationContext: initialization started
17-Jun-2021 17:03:17.742 INFO [http-nio-8080-exec-4] org.springframework.web.context.support.XmlWebApplicationContext.prepareRefresh Refreshing Root WebApplicationContext: startup date [Thu Jun 17 17:03:17 ICT 2021]; root of context hierarchy
17-Jun-2021 17:03:17.854 INFO [http-nio-8080-exec-4] org.springframework.beans.factory.xml.XmlBeanDefinitionReader.loadBeanDefinitions Loading XML bean definitions from ServletContext resource [/WEB-INF/applicationContext.xml]
17-Jun-2021 17:03:18.000 INFO [http-nio-8080-exec-4] org.springframework.web.context.ContextLoader.initWebApplicationContext Root WebApplicationContext: initialization completed in 400 ms
17-Jun-2021 17:03:18.010 INFO [http-nio-8080-exec-4] org.springframework.web.servlet.DispatcherServlet.initServletBean FrameworkServlet 'dispatcher': initialization started
17-Jun-2021 17:03:18.029 INFO [http-nio-8080-exec-4] org.springframework.web.context.support.XmlWebApplicationContext.prepareRefresh Refreshing WebApplicationContext for namespace 'dispatcher-servlet': startup date [Thu Jun 17 17:03:18 ICT 2021]; parent: Root WebApplicationContext
17-Jun-2021 17:03:18.030 INFO [http-nio-8080-exec-4] org.springframework.beans.factory.xml.XmlBeanDefinitionReader.loadBeanDefinitions Loading XML bean definitions from ServletContext resource [/WEB-INF/dispatcher-servlet.xml]
17-Jun-2021 17:03:18.285 INFO [http-nio-8080-exec-4] org.springframework.web.servlet.handler.SimpleUrlHandlerMapping.registerHandler Mapped URL path [/index.htm] onto handler 'indexController'
17-Jun-2021 17:03:18.403 INFO [http-nio-8080-exec-4] org.springframework.web.servlet.DispatcherServlet.initServletBean FrameworkServlet 'dispatcher': initialization completed in 393 ms
17-Jun-2021 17:03:18.409 INFO [http-nio-8080-exec-4] org.apache.catalina.startup.HostConfig.deployDescriptor Deployment of deployment descriptor [C:\Users\admin\OneDrive\Documents\NetBeansProjects\Management_Mobile\apache-tomcat-8.5.64\conf\Catalina\localhost\Management_Mobile.xml] has finished in [3,361] ms
17-Jun-2021 17:03:30.668 INFO [main] org.apache.catalina.core.StandardServer.await A valid shutdown command was received via the shutdown port. Stopping the Server instance.
17-Jun-2021 17:03:30.669 INFO [main] org.apache.coyote.AbstractProtocol.pause Pausing ProtocolHandler ["http-nio-8080"]
17-Jun-2021 17:03:30.689 INFO [main] org.apache.catalina.core.StandardService.stopInternal Stopping service [Catalina]
17-Jun-2021 17:03:30.698 INFO [localhost-startStop-2] org.springframework.web.context.support.XmlWebApplicationContext.doClose Closing WebApplicationContext for namespace 'dispatcher-servlet': startup date [Thu Jun 17 17:03:18 ICT 2021]; parent: Root WebApplicationContext
17-Jun-2021 17:03:30.702 INFO [localhost-startStop-2] org.springframework.web.context.support.XmlWebApplicationContext.doClose Closing Root WebApplicationContext: startup date [Thu Jun 17 17:03:17 ICT 2021]; root of context hierarchy
17-Jun-2021 17:03:30.736 INFO [main] org.apache.coyote.AbstractProtocol.stop Stopping ProtocolHandler ["http-nio-8080"]
17-Jun-2021 17:03:30.740 INFO [main] org.apache.coyote.AbstractProtocol.destroy Destroying ProtocolHandler ["http-nio-8080"]
17-Jun-2021 17:07:52.175 INFO [main] org.apache.catalina.startup.VersionLoggerListener.log Server version name:   Apache Tomcat/8.5.64
17-Jun-2021 17:07:52.178 INFO [main] org.apache.catalina.startup.VersionLoggerListener.log Server built:          Mar 4 2021 23:14:16 UTC
17-Jun-2021 17:07:52.178 INFO [main] org.apache.catalina.startup.VersionLoggerListener.log Server version number: 8.5.64.0
17-Jun-2021 17:07:52.178 INFO [main] org.apache.catalina.startup.VersionLoggerListener.log OS Name:               Windows 10
17-Jun-2021 17:07:52.179 INFO [main] org.apache.catalina.startup.VersionLoggerListener.log OS Version:            10.0
17-Jun-2021 17:07:52.179 INFO [main] org.apache.catalina.startup.VersionLoggerListener.log Architecture:          amd64
17-Jun-2021 17:07:52.179 INFO [main] org.apache.catalina.startup.VersionLoggerListener.log Java Home:             C:\Program Files\Java\jdk-14.0.1
17-Jun-2021 17:07:52.179 INFO [main] org.apache.catalina.startup.VersionLoggerListener.log JVM Version:           14.0.1+7
17-Jun-2021 17:07:52.179 INFO [main] org.apache.catalina.startup.VersionLoggerListener.log JVM Vendor:            Oracle Corporation
17-Jun-2021 17:07:52.179 INFO [main] org.apache.catalina.startup.VersionLoggerListener.log CATALINA_BASE:         C:\Users\admin\OneDrive\Documents\NetBeansProjects\Management_Mobile\apache-tomcat-8.5.64
17-Jun-2021 17:07:52.179 INFO [main] org.apache.catalina.startup.VersionLoggerListener.log CATALINA_HOME:         C:\Users\admin\OneDrive\Documents\NetBeansProjects\Management_Mobile\apache-tomcat-8.5.64
17-Jun-2021 17:07:52.181 INFO [main] org.apache.catalina.startup.VersionLoggerListener.log Command line argument: --add-opens=java.base/java.lang=ALL-UNNAMED
17-Jun-2021 17:07:52.181 INFO [main] org.apache.catalina.startup.VersionLoggerListener.log Command line argument: --add-opens=java.base/java.io=ALL-UNNAMED
17-Jun-2021 17:07:52.181 INFO [main] org.apache.catalina.startup.VersionLoggerListener.log Command line argument: --add-opens=java.base/java.util=ALL-UNNAMED
17-Jun-2021 17:07:52.181 INFO [main] org.apache.catalina.startup.VersionLoggerListener.log Command line argument: --add-opens=java.base/java.util.concurrent=ALL-UNNAMED
17-Jun-2021 17:07:52.181 INFO [main] org.apache.catalina.startup.VersionLoggerListener.log Command line argument: --add-opens=java.rmi/sun.rmi.transport=ALL-UNNAMED
17-Jun-2021 17:07:52.181 INFO [main] org.apache.catalina.startup.VersionLoggerListener.log Command line argument: -Djava.util.logging.config.file=C:\Users\admin\OneDrive\Documents\NetBeansProjects\Management_Mobile\apache-tomcat-8.5.64\conf\logging.properties
17-Jun-2021 17:07:52.181 INFO [main] org.apache.catalina.startup.VersionLoggerListener.log Command line argument: -Djava.util.logging.manager=org.apache.juli.ClassLoaderLogManager
17-Jun-2021 17:07:52.181 INFO [main] org.apache.catalina.startup.VersionLoggerListener.log Command line argument: -Dhttp.nonProxyHosts=localhost|127.0.0.1|DESKTOP-MBMJ2MM
17-Jun-2021 17:07:52.182 INFO [main] org.apache.catalina.startup.VersionLoggerListener.log Command line argument: -Djdk.tls.ephemeralDHKeySize=2048
17-Jun-2021 17:07:52.182 INFO [main] org.apache.catalina.startup.VersionLoggerListener.log Command line argument: -Djava.protocol.handler.pkgs=org.apache.catalina.webresources
17-Jun-2021 17:07:52.182 INFO [main] org.apache.catalina.startup.VersionLoggerListener.log Command line argument: -Dignore.endorsed.dirs=
17-Jun-2021 17:07:52.182 INFO [main] org.apache.catalina.startup.VersionLoggerListener.log Command line argument: -Dcatalina.base=C:\Users\admin\OneDrive\Documents\NetBeansProjects\Management_Mobile\apache-tomcat-8.5.64
17-Jun-2021 17:07:52.182 INFO [main] org.apache.catalina.startup.VersionLoggerListener.log Command line argument: -Dcatalina.home=C:\Users\admin\OneDrive\Documents\NetBeansProjects\Management_Mobile\apache-tomcat-8.5.64
17-Jun-2021 17:07:52.182 INFO [main] org.apache.catalina.startup.VersionLoggerListener.log Command line argument: -Djava.io.tmpdir=C:\Users\admin\OneDrive\Documents\NetBeansProjects\Management_Mobile\apache-tomcat-8.5.64\temp
17-Jun-2021 17:07:52.275 INFO [main] org.apache.catalina.core.AprLifecycleListener.lifecycleEvent Loaded Apache Tomcat Native library [1.2.26] using APR version [1.7.0].
17-Jun-2021 17:07:52.275 INFO [main] org.apache.catalina.core.AprLifecycleListener.lifecycleEvent APR capabilities: IPv6 [true], sendfile [true], accept filters [false], random [true].
17-Jun-2021 17:07:52.275 INFO [main] org.apache.catalina.core.AprLifecycleListener.lifecycleEvent APR/OpenSSL configuration: useAprConnector [false], useOpenSSL [true]
17-Jun-2021 17:07:52.279 INFO [main] org.apache.catalina.core.AprLifecycleListener.initializeSSL OpenSSL successfully initialized [OpenSSL 1.1.1i  8 Dec 2020]
17-Jun-2021 17:07:52.324 INFO [main] org.apache.coyote.AbstractProtocol.init Initializing ProtocolHandler ["http-nio-8080"]
17-Jun-2021 17:07:52.389 INFO [main] org.apache.tomcat.util.net.NioSelectorPool.getSharedSelector Using a shared selector for servlet write/read
17-Jun-2021 17:07:52.402 INFO [main] org.apache.catalina.startup.Catalina.load Initialization processed in 675 ms
17-Jun-2021 17:07:52.442 INFO [main] org.apache.catalina.core.StandardService.startInternal Starting service [Catalina]
17-Jun-2021 17:07:52.442 INFO [main] org.apache.catalina.core.StandardEngine.startInternal Starting Servlet Engine: Apache Tomcat/8.5.64
17-Jun-2021 17:07:52.452 INFO [localhost-startStop-1] org.apache.catalina.startup.HostConfig.deployDescriptor Deploying deployment descriptor [C:\Users\admin\OneDrive\Documents\NetBeansProjects\Management_Mobile\apache-tomcat-8.5.64\conf\Catalina\localhost\Management_Mobile.xml]
17-Jun-2021 17:07:54.878 INFO [localhost-startStop-1] org.apache.jasper.servlet.TldScanner.scanJars At least one JAR was scanned for TLDs yet contained no TLDs. Enable debug logging for this logger for a complete list of JARs that were scanned but no TLDs were found in them. Skipping unneeded JARs during scanning can improve startup time and JSP compilation time.
17-Jun-2021 17:07:54.971 INFO [localhost-startStop-1] org.springframework.web.context.ContextLoader.initWebApplicationContext Root WebApplicationContext: initialization started
17-Jun-2021 17:07:55.093 INFO [localhost-startStop-1] org.springframework.web.context.support.XmlWebApplicationContext.prepareRefresh Refreshing Root WebApplicationContext: startup date [Thu Jun 17 17:07:55 ICT 2021]; root of context hierarchy
17-Jun-2021 17:07:55.183 INFO [localhost-startStop-1] org.springframework.beans.factory.xml.XmlBeanDefinitionReader.loadBeanDefinitions Loading XML bean definitions from ServletContext resource [/WEB-INF/applicationContext.xml]
17-Jun-2021 17:07:55.359 INFO [localhost-startStop-1] org.springframework.web.context.ContextLoader.initWebApplicationContext Root WebApplicationContext: initialization completed in 388 ms
17-Jun-2021 17:07:55.401 INFO [localhost-startStop-1] org.apache.catalina.startup.HostConfig.deployDescriptor Deployment of deployment descriptor [C:\Users\admin\OneDrive\Documents\NetBeansProjects\Management_Mobile\apache-tomcat-8.5.64\conf\Catalina\localhost\Management_Mobile.xml] has finished in [2,948] ms
17-Jun-2021 17:07:55.402 INFO [localhost-startStop-1] org.apache.catalina.startup.HostConfig.deployDirectory Deploying web application directory [C:\Users\admin\OneDrive\Documents\NetBeansProjects\Management_Mobile\apache-tomcat-8.5.64\webapps\docs]
17-Jun-2021 17:07:55.438 INFO [localhost-startStop-1] org.apache.catalina.startup.HostConfig.deployDirectory Deployment of web application directory [C:\Users\admin\OneDrive\Documents\NetBeansProjects\Management_Mobile\apache-tomcat-8.5.64\webapps\docs] has finished in [36] ms
17-Jun-2021 17:07:55.439 INFO [localhost-startStop-1] org.apache.catalina.startup.HostConfig.deployDirectory Deploying web application directory [C:\Users\admin\OneDrive\Documents\NetBeansProjects\Management_Mobile\apache-tomcat-8.5.64\webapps\examples]
17-Jun-2021 17:07:56.227 INFO [localhost-startStop-1] org.apache.catalina.startup.HostConfig.deployDirectory Deployment of web application directory [C:\Users\admin\OneDrive\Documents\NetBeansProjects\Management_Mobile\apache-tomcat-8.5.64\webapps\examples] has finished in [787] ms
17-Jun-2021 17:07:56.228 INFO [localhost-startStop-1] org.apache.catalina.startup.HostConfig.deployDirectory Deploying web application directory [C:\Users\admin\OneDrive\Documents\NetBeansProjects\Management_Mobile\apache-tomcat-8.5.64\webapps\host-manager]
17-Jun-2021 17:07:56.284 INFO [localhost-startStop-1] org.apache.catalina.startup.HostConfig.deployDirectory Deployment of web application directory [C:\Users\admin\OneDrive\Documents\NetBeansProjects\Management_Mobile\apache-tomcat-8.5.64\webapps\host-manager] has finished in [56] ms
17-Jun-2021 17:07:56.285 INFO [localhost-startStop-1] org.apache.catalina.startup.HostConfig.deployDirectory Deploying web application directory [C:\Users\admin\OneDrive\Documents\NetBeansProjects\Management_Mobile\apache-tomcat-8.5.64\webapps\manager]
17-Jun-2021 17:07:56.347 INFO [localhost-startStop-1] org.apache.catalina.startup.HostConfig.deployDirectory Deployment of web application directory [C:\Users\admin\OneDrive\Documents\NetBeansProjects\Management_Mobile\apache-tomcat-8.5.64\webapps\manager] has finished in [62] ms
17-Jun-2021 17:07:56.347 INFO [localhost-startStop-1] org.apache.catalina.startup.HostConfig.deployDirectory Deploying web application directory [C:\Users\admin\OneDrive\Documents\NetBeansProjects\Management_Mobile\apache-tomcat-8.5.64\webapps\ROOT]
17-Jun-2021 17:07:56.386 INFO [localhost-startStop-1] org.apache.catalina.startup.HostConfig.deployDirectory Deployment of web application directory [C:\Users\admin\OneDrive\Documents\NetBeansProjects\Management_Mobile\apache-tomcat-8.5.64\webapps\ROOT] has finished in [38] ms
17-Jun-2021 17:07:56.390 INFO [main] org.apache.coyote.AbstractProtocol.start Starting ProtocolHandler ["http-nio-8080"]
17-Jun-2021 17:07:56.403 INFO [main] org.apache.catalina.startup.Catalina.start Server startup in 4001 ms
17-Jun-2021 17:07:56.592 INFO [http-nio-8080-exec-10] org.springframework.web.context.support.XmlWebApplicationContext.doClose Closing Root WebApplicationContext: startup date [Thu Jun 17 17:07:55 ICT 2021]; root of context hierarchy
17-Jun-2021 17:07:57.132 INFO [http-nio-8080-exec-10] org.apache.catalina.startup.HostConfig.undeploy Undeploying context [/Management_Mobile]
17-Jun-2021 17:07:57.146 INFO [http-nio-8080-exec-5] org.apache.catalina.startup.HostConfig.deployDescriptor Deploying deployment descriptor [C:\Users\admin\OneDrive\Documents\NetBeansProjects\Management_Mobile\apache-tomcat-8.5.64\conf\Catalina\localhost\Management_Mobile.xml]
17-Jun-2021 17:07:59.155 INFO [http-nio-8080-exec-5] org.apache.jasper.servlet.TldScanner.scanJars At least one JAR was scanned for TLDs yet contained no TLDs. Enable debug logging for this logger for a complete list of JARs that were scanned but no TLDs were found in them. Skipping unneeded JARs during scanning can improve startup time and JSP compilation time.
17-Jun-2021 17:07:59.239 INFO [http-nio-8080-exec-5] org.springframework.web.context.ContextLoader.initWebApplicationContext Root WebApplicationContext: initialization started
17-Jun-2021 17:07:59.342 INFO [http-nio-8080-exec-5] org.springframework.web.context.support.XmlWebApplicationContext.prepareRefresh Refreshing Root WebApplicationContext: startup date [Thu Jun 17 17:07:59 ICT 2021]; root of context hierarchy
17-Jun-2021 17:07:59.426 INFO [http-nio-8080-exec-5] org.springframework.beans.factory.xml.XmlBeanDefinitionReader.loadBeanDefinitions Loading XML bean definitions from ServletContext resource [/WEB-INF/applicationContext.xml]
17-Jun-2021 17:07:59.567 INFO [http-nio-8080-exec-5] org.springframework.web.context.ContextLoader.initWebApplicationContext Root WebApplicationContext: initialization completed in 328 ms
17-Jun-2021 17:07:59.576 INFO [http-nio-8080-exec-5] org.apache.catalina.startup.HostConfig.deployDescriptor Deployment of deployment descriptor [C:\Users\admin\OneDrive\Documents\NetBeansProjects\Management_Mobile\apache-tomcat-8.5.64\conf\Catalina\localhost\Management_Mobile.xml] has finished in [2,429] ms
17-Jun-2021 17:09:56.983 INFO [http-nio-8080-exec-18] org.springframework.web.context.support.XmlWebApplicationContext.doClose Closing Root WebApplicationContext: startup date [Thu Jun 17 17:07:59 ICT 2021]; root of context hierarchy
17-Jun-2021 17:09:56.998 WARNING [http-nio-8080-exec-18] org.apache.catalina.loader.WebappClassLoaderBase.clearReferencesJdbc The web application [Management_Mobile] registered the JDBC driver [com.microsoft.sqlserver.jdbc.SQLServerDriver] but failed to unregister it when the web application was stopped. To prevent a memory leak, the JDBC Driver has been forcibly unregistered.
17-Jun-2021 17:09:59.369 INFO [http-nio-8080-exec-14] org.apache.jasper.servlet.TldScanner.scanJars At least one JAR was scanned for TLDs yet contained no TLDs. Enable debug logging for this logger for a complete list of JARs that were scanned but no TLDs were found in them. Skipping unneeded JARs during scanning can improve startup time and JSP compilation time.
17-Jun-2021 17:09:59.454 INFO [http-nio-8080-exec-14] org.springframework.web.context.ContextLoader.initWebApplicationContext Root WebApplicationContext: initialization started
17-Jun-2021 17:09:59.609 INFO [http-nio-8080-exec-14] org.springframework.web.context.support.XmlWebApplicationContext.prepareRefresh Refreshing Root WebApplicationContext: startup date [Thu Jun 17 17:09:59 ICT 2021]; root of context hierarchy
17-Jun-2021 17:09:59.711 INFO [http-nio-8080-exec-14] org.springframework.beans.factory.xml.XmlBeanDefinitionReader.loadBeanDefinitions Loading XML bean definitions from ServletContext resource [/WEB-INF/applicationContext.xml]
17-Jun-2021 17:09:59.852 INFO [http-nio-8080-exec-14] org.springframework.web.context.ContextLoader.initWebApplicationContext Root WebApplicationContext: initialization completed in 398 ms
17-Jun-2021 17:10:06.462 INFO [ContainerBackgroundProcessor[StandardEngine[Catalina]]] org.apache.catalina.startup.HostConfig.reload Reloading context [/Management_Mobile]
17-Jun-2021 17:10:06.462 INFO [ContainerBackgroundProcessor[StandardEngine[Catalina]]] org.apache.catalina.core.StandardContext.reload Reloading Context with name [/Management_Mobile] has started
17-Jun-2021 17:10:06.469 INFO [ContainerBackgroundProcessor[StandardEngine[Catalina]]] org.springframework.web.context.support.XmlWebApplicationContext.doClose Closing Root WebApplicationContext: startup date [Thu Jun 17 17:09:59 ICT 2021]; root of context hierarchy
17-Jun-2021 17:10:08.732 INFO [ContainerBackgroundProcessor[StandardEngine[Catalina]]] org.apache.jasper.servlet.TldScanner.scanJars At least one JAR was scanned for TLDs yet contained no TLDs. Enable debug logging for this logger for a complete list of JARs that were scanned but no TLDs were found in them. Skipping unneeded JARs during scanning can improve startup time and JSP compilation time.
17-Jun-2021 17:10:08.812 INFO [ContainerBackgroundProcessor[StandardEngine[Catalina]]] org.springframework.web.context.ContextLoader.initWebApplicationContext Root WebApplicationContext: initialization started
17-Jun-2021 17:10:08.949 INFO [ContainerBackgroundProcessor[StandardEngine[Catalina]]] org.springframework.web.context.support.XmlWebApplicationContext.prepareRefresh Refreshing Root WebApplicationContext: startup date [Thu Jun 17 17:10:08 ICT 2021]; root of context hierarchy
17-Jun-2021 17:10:09.057 INFO [ContainerBackgroundProcessor[StandardEngine[Catalina]]] org.springframework.beans.factory.xml.XmlBeanDefinitionReader.loadBeanDefinitions Loading XML bean definitions from ServletContext resource [/WEB-INF/applicationContext.xml]
17-Jun-2021 17:10:09.195 INFO [ContainerBackgroundProcessor[StandardEngine[Catalina]]] org.springframework.web.context.ContextLoader.initWebApplicationContext Root WebApplicationContext: initialization completed in 383 ms
17-Jun-2021 17:10:09.201 INFO [ContainerBackgroundProcessor[StandardEngine[Catalina]]] org.apache.catalina.core.StandardContext.reload Reloading Context with name [/Management_Mobile] is completed
17-Jun-2021 17:14:14.947 INFO [http-nio-8080-exec-26] org.springframework.web.context.support.XmlWebApplicationContext.doClose Closing Root WebApplicationContext: startup date [Thu Jun 17 17:10:08 ICT 2021]; root of context hierarchy
17-Jun-2021 17:14:14.958 WARNING [http-nio-8080-exec-26] org.apache.catalina.loader.WebappClassLoaderBase.clearReferencesJdbc The web application [Management_Mobile] registered the JDBC driver [com.microsoft.sqlserver.jdbc.SQLServerDriver] but failed to unregister it when the web application was stopped. To prevent a memory leak, the JDBC Driver has been forcibly unregistered.
17-Jun-2021 17:14:17.285 INFO [http-nio-8080-exec-31] org.apache.jasper.servlet.TldScanner.scanJars At least one JAR was scanned for TLDs yet contained no TLDs. Enable debug logging for this logger for a complete list of JARs that were scanned but no TLDs were found in them. Skipping unneeded JARs during scanning can improve startup time and JSP compilation time.
17-Jun-2021 17:14:17.362 INFO [http-nio-8080-exec-31] org.springframework.web.context.ContextLoader.initWebApplicationContext Root WebApplicationContext: initialization started
17-Jun-2021 17:14:17.491 INFO [http-nio-8080-exec-31] org.springframework.web.context.support.XmlWebApplicationContext.prepareRefresh Refreshing Root WebApplicationContext: startup date [Thu Jun 17 17:14:17 ICT 2021]; root of context hierarchy
17-Jun-2021 17:14:17.602 INFO [http-nio-8080-exec-31] org.springframework.beans.factory.xml.XmlBeanDefinitionReader.loadBeanDefinitions Loading XML bean definitions from ServletContext resource [/WEB-INF/applicationContext.xml]
17-Jun-2021 17:14:17.747 INFO [http-nio-8080-exec-31] org.springframework.web.context.ContextLoader.initWebApplicationContext Root WebApplicationContext: initialization completed in 385 ms
17-Jun-2021 17:14:19.349 INFO [ContainerBackgroundProcessor[StandardEngine[Catalina]]] org.apache.catalina.startup.HostConfig.reload Reloading context [/Management_Mobile]
17-Jun-2021 17:14:19.349 INFO [ContainerBackgroundProcessor[StandardEngine[Catalina]]] org.apache.catalina.core.StandardContext.reload Reloading Context with name [/Management_Mobile] has started
17-Jun-2021 17:14:19.352 INFO [ContainerBackgroundProcessor[StandardEngine[Catalina]]] org.springframework.web.context.support.XmlWebApplicationContext.doClose Closing Root WebApplicationContext: startup date [Thu Jun 17 17:14:17 ICT 2021]; root of context hierarchy
17-Jun-2021 17:14:21.290 INFO [ContainerBackgroundProcessor[StandardEngine[Catalina]]] org.apache.jasper.servlet.TldScanner.scanJars At least one JAR was scanned for TLDs yet contained no TLDs. Enable debug logging for this logger for a complete list of JARs that were scanned but no TLDs were found in them. Skipping unneeded JARs during scanning can improve startup time and JSP compilation time.
17-Jun-2021 17:14:21.364 INFO [ContainerBackgroundProcessor[StandardEngine[Catalina]]] org.springframework.web.context.ContextLoader.initWebApplicationContext Root WebApplicationContext: initialization started
17-Jun-2021 17:14:21.476 INFO [ContainerBackgroundProcessor[StandardEngine[Catalina]]] org.springframework.web.context.support.XmlWebApplicationContext.prepareRefresh Refreshing Root WebApplicationContext: startup date [Thu Jun 17 17:14:21 ICT 2021]; root of context hierarchy
17-Jun-2021 17:14:21.586 INFO [ContainerBackgroundProcessor[StandardEngine[Catalina]]] org.springframework.beans.factory.xml.XmlBeanDefinitionReader.loadBeanDefinitions Loading XML bean definitions from ServletContext resource [/WEB-INF/applicationContext.xml]
17-Jun-2021 17:14:21.734 INFO [ContainerBackgroundProcessor[StandardEngine[Catalina]]] org.springframework.web.context.ContextLoader.initWebApplicationContext Root WebApplicationContext: initialization completed in 370 ms
17-Jun-2021 17:14:21.742 INFO [ContainerBackgroundProcessor[StandardEngine[Catalina]]] org.apache.catalina.core.StandardContext.reload Reloading Context with name [/Management_Mobile] is completed
17-Jun-2021 17:16:58.157 INFO [http-nio-8080-exec-36] org.springframework.web.context.support.XmlWebApplicationContext.doClose Closing Root WebApplicationContext: startup date [Thu Jun 17 17:14:21 ICT 2021]; root of context hierarchy
17-Jun-2021 17:17:00.248 INFO [http-nio-8080-exec-35] org.apache.jasper.servlet.TldScanner.scanJars At least one JAR was scanned for TLDs yet contained no TLDs. Enable debug logging for this logger for a complete list of JARs that were scanned but no TLDs were found in them. Skipping unneeded JARs during scanning can improve startup time and JSP compilation time.
17-Jun-2021 17:17:01.834 INFO [ContainerBackgroundProcessor[StandardEngine[Catalina]]] org.apache.catalina.startup.HostConfig.reload Reloading context [/Management_Mobile]
17-Jun-2021 17:17:01.834 INFO [ContainerBackgroundProcessor[StandardEngine[Catalina]]] org.apache.catalina.core.StandardContext.reload Reloading Context with name [/Management_Mobile] has started
17-Jun-2021 17:17:03.723 INFO [ContainerBackgroundProcessor[StandardEngine[Catalina]]] org.apache.jasper.servlet.TldScanner.scanJars At least one JAR was scanned for TLDs yet contained no TLDs. Enable debug logging for this logger for a complete list of JARs that were scanned but no TLDs were found in them. Skipping unneeded JARs during scanning can improve startup time and JSP compilation time.
17-Jun-2021 17:17:03.755 INFO [ContainerBackgroundProcessor[StandardEngine[Catalina]]] org.apache.catalina.core.StandardContext.reload Reloading Context with name [/Management_Mobile] is completed
17-Jun-2021 17:53:32.309 INFO [http-nio-8080-exec-41] org.apache.catalina.core.StandardContext.reload Reloading Context with name [/Management_Mobile] has started
17-Jun-2021 17:53:32.314 WARNING [http-nio-8080-exec-41] org.apache.catalina.loader.WebappClassLoaderBase.clearReferencesJdbc The web application [Management_Mobile] registered the JDBC driver [com.microsoft.sqlserver.jdbc.SQLServerDriver] but failed to unregister it when the web application was stopped. To prevent a memory leak, the JDBC Driver has been forcibly unregistered.
17-Jun-2021 17:53:34.824 INFO [http-nio-8080-exec-41] org.apache.jasper.servlet.TldScanner.scanJars At least one JAR was scanned for TLDs yet contained no TLDs. Enable debug logging for this logger for a complete list of JARs that were scanned but no TLDs were found in them. Skipping unneeded JARs during scanning can improve startup time and JSP compilation time.
17-Jun-2021 17:53:34.855 INFO [http-nio-8080-exec-41] org.apache.catalina.core.StandardContext.reload Reloading Context with name [/Management_Mobile] is completed
17-Jun-2021 17:53:38.502 INFO [http-nio-8080-exec-44] org.apache.catalina.core.StandardContext.reload Reloading Context with name [/Management_Mobile] has started
17-Jun-2021 17:53:40.631 INFO [http-nio-8080-exec-44] org.apache.jasper.servlet.TldScanner.scanJars At least one JAR was scanned for TLDs yet contained no TLDs. Enable debug logging for this logger for a complete list of JARs that were scanned but no TLDs were found in them. Skipping unneeded JARs during scanning can improve startup time and JSP compilation time.
17-Jun-2021 17:53:40.669 INFO [http-nio-8080-exec-44] org.apache.catalina.core.StandardContext.reload Reloading Context with name [/Management_Mobile] is completed
17-Jun-2021 17:54:05.604 INFO [http-nio-8080-exec-49] org.apache.catalina.core.StandardContext.reload Reloading Context with name [/Management_Mobile] has started
17-Jun-2021 17:54:07.723 INFO [http-nio-8080-exec-49] org.apache.jasper.servlet.TldScanner.scanJars At least one JAR was scanned for TLDs yet contained no TLDs. Enable debug logging for this logger for a complete list of JARs that were scanned but no TLDs were found in them. Skipping unneeded JARs during scanning can improve startup time and JSP compilation time.
17-Jun-2021 17:54:07.749 INFO [http-nio-8080-exec-49] org.apache.catalina.core.StandardContext.reload Reloading Context with name [/Management_Mobile] is completed
17-Jun-2021 17:55:52.609 INFO [http-nio-8080-exec-38] org.apache.catalina.core.StandardContext.reload Reloading Context with name [/Management_Mobile] has started
17-Jun-2021 17:55:54.818 INFO [http-nio-8080-exec-38] org.apache.jasper.servlet.TldScanner.scanJars At least one JAR was scanned for TLDs yet contained no TLDs. Enable debug logging for this logger for a complete list of JARs that were scanned but no TLDs were found in them. Skipping unneeded JARs during scanning can improve startup time and JSP compilation time.
17-Jun-2021 17:55:54.847 INFO [http-nio-8080-exec-38] org.apache.catalina.core.StandardContext.reload Reloading Context with name [/Management_Mobile] is completed
17-Jun-2021 17:56:03.900 INFO [http-nio-8080-exec-39] org.apache.catalina.core.StandardContext.reload Reloading Context with name [/Management_Mobile] has started
17-Jun-2021 17:56:06.195 INFO [http-nio-8080-exec-39] org.apache.jasper.servlet.TldScanner.scanJars At least one JAR was scanned for TLDs yet contained no TLDs. Enable debug logging for this logger for a complete list of JARs that were scanned but no TLDs were found in them. Skipping unneeded JARs during scanning can improve startup time and JSP compilation time.
17-Jun-2021 17:56:06.230 INFO [http-nio-8080-exec-39] org.apache.catalina.core.StandardContext.reload Reloading Context with name [/Management_Mobile] is completed
17-Jun-2021 18:07:28.295 INFO [main] org.apache.catalina.core.StandardServer.await A valid shutdown command was received via the shutdown port. Stopping the Server instance.
17-Jun-2021 18:07:28.296 INFO [main] org.apache.coyote.AbstractProtocol.pause Pausing ProtocolHandler ["http-nio-8080"]
17-Jun-2021 18:07:28.317 INFO [main] org.apache.catalina.core.StandardService.stopInternal Stopping service [Catalina]
17-Jun-2021 18:07:28.328 WARNING [localhost-startStop-2] org.apache.catalina.loader.WebappClassLoaderBase.clearReferencesJdbc The web application [Management_Mobile] registered the JDBC driver [com.microsoft.sqlserver.jdbc.SQLServerDriver] but failed to unregister it when the web application was stopped. To prevent a memory leak, the JDBC Driver has been forcibly unregistered.
17-Jun-2021 18:07:28.343 INFO [main] org.apache.coyote.AbstractProtocol.stop Stopping ProtocolHandler ["http-nio-8080"]
17-Jun-2021 18:07:28.348 INFO [main] org.apache.coyote.AbstractProtocol.destroy Destroying ProtocolHandler ["http-nio-8080"]
17-Jun-2021 18:07:52.566 INFO [main] org.apache.catalina.startup.VersionLoggerListener.log Server version name:   Apache Tomcat/8.5.64
17-Jun-2021 18:07:52.570 INFO [main] org.apache.catalina.startup.VersionLoggerListener.log Server built:          Mar 4 2021 23:14:16 UTC
17-Jun-2021 18:07:52.570 INFO [main] org.apache.catalina.startup.VersionLoggerListener.log Server version number: 8.5.64.0
17-Jun-2021 18:07:52.570 INFO [main] org.apache.catalina.startup.VersionLoggerListener.log OS Name:               Windows 10
17-Jun-2021 18:07:52.570 INFO [main] org.apache.catalina.startup.VersionLoggerListener.log OS Version:            10.0
17-Jun-2021 18:07:52.570 INFO [main] org.apache.catalina.startup.VersionLoggerListener.log Architecture:          amd64
17-Jun-2021 18:07:52.570 INFO [main] org.apache.catalina.startup.VersionLoggerListener.log Java Home:             C:\Program Files\Java\jdk-14.0.1
17-Jun-2021 18:07:52.570 INFO [main] org.apache.catalina.startup.VersionLoggerListener.log JVM Version:           14.0.1+7
17-Jun-2021 18:07:52.571 INFO [main] org.apache.catalina.startup.VersionLoggerListener.log JVM Vendor:            Oracle Corporation
17-Jun-2021 18:07:52.571 INFO [main] org.apache.catalina.startup.VersionLoggerListener.log CATALINA_BASE:         C:\Users\admin\OneDrive\Documents\NetBeansProjects\Management_Mobile\apache-tomcat-8.5.64
17-Jun-2021 18:07:52.571 INFO [main] org.apache.catalina.startup.VersionLoggerListener.log CATALINA_HOME:         C:\Users\admin\OneDrive\Documents\NetBeansProjects\Management_Mobile\apache-tomcat-8.5.64
17-Jun-2021 18:07:52.573 INFO [main] org.apache.catalina.startup.VersionLoggerListener.log Command line argument: --add-opens=java.base/java.lang=ALL-UNNAMED
17-Jun-2021 18:07:52.574 INFO [main] org.apache.catalina.startup.VersionLoggerListener.log Command line argument: --add-opens=java.base/java.io=ALL-UNNAMED
17-Jun-2021 18:07:52.574 INFO [main] org.apache.catalina.startup.VersionLoggerListener.log Command line argument: --add-opens=java.base/java.util=ALL-UNNAMED
17-Jun-2021 18:07:52.574 INFO [main] org.apache.catalina.startup.VersionLoggerListener.log Command line argument: --add-opens=java.base/java.util.concurrent=ALL-UNNAMED
17-Jun-2021 18:07:52.574 INFO [main] org.apache.catalina.startup.VersionLoggerListener.log Command line argument: --add-opens=java.rmi/sun.rmi.transport=ALL-UNNAMED
17-Jun-2021 18:07:52.574 INFO [main] org.apache.catalina.startup.VersionLoggerListener.log Command line argument: -Djava.util.logging.config.file=C:\Users\admin\OneDrive\Documents\NetBeansProjects\Management_Mobile\apache-tomcat-8.5.64\conf\logging.properties
17-Jun-2021 18:07:52.574 INFO [main] org.apache.catalina.startup.VersionLoggerListener.log Command line argument: -Djava.util.logging.manager=org.apache.juli.ClassLoaderLogManager
17-Jun-2021 18:07:52.574 INFO [main] org.apache.catalina.startup.VersionLoggerListener.log Command line argument: -Dhttp.nonProxyHosts=localhost|127.0.0.1|DESKTOP-MBMJ2MM
17-Jun-2021 18:07:52.574 INFO [main] org.apache.catalina.startup.VersionLoggerListener.log Command line argument: -Djdk.tls.ephemeralDHKeySize=2048
17-Jun-2021 18:07:52.575 INFO [main] org.apache.catalina.startup.VersionLoggerListener.log Command line argument: -Djava.protocol.handler.pkgs=org.apache.catalina.webresources
17-Jun-2021 18:07:52.575 INFO [main] org.apache.catalina.startup.VersionLoggerListener.log Command line argument: -Dignore.endorsed.dirs=
17-Jun-2021 18:07:52.575 INFO [main] org.apache.catalina.startup.VersionLoggerListener.log Command line argument: -Dcatalina.base=C:\Users\admin\OneDrive\Documents\NetBeansProjects\Management_Mobile\apache-tomcat-8.5.64
17-Jun-2021 18:07:52.575 INFO [main] org.apache.catalina.startup.VersionLoggerListener.log Command line argument: -Dcatalina.home=C:\Users\admin\OneDrive\Documents\NetBeansProjects\Management_Mobile\apache-tomcat-8.5.64
17-Jun-2021 18:07:52.575 INFO [main] org.apache.catalina.startup.VersionLoggerListener.log Command line argument: -Djava.io.tmpdir=C:\Users\admin\OneDrive\Documents\NetBeansProjects\Management_Mobile\apache-tomcat-8.5.64\temp
17-Jun-2021 18:07:52.654 INFO [main] org.apache.catalina.core.AprLifecycleListener.lifecycleEvent Loaded Apache Tomcat Native library [1.2.26] using APR version [1.7.0].
17-Jun-2021 18:07:52.654 INFO [main] org.apache.catalina.core.AprLifecycleListener.lifecycleEvent APR capabilities: IPv6 [true], sendfile [true], accept filters [false], random [true].
17-Jun-2021 18:07:52.654 INFO [main] org.apache.catalina.core.AprLifecycleListener.lifecycleEvent APR/OpenSSL configuration: useAprConnector [false], useOpenSSL [true]
17-Jun-2021 18:07:52.662 INFO [main] org.apache.catalina.core.AprLifecycleListener.initializeSSL OpenSSL successfully initialized [OpenSSL 1.1.1i  8 Dec 2020]
17-Jun-2021 18:07:52.735 INFO [main] org.apache.coyote.AbstractProtocol.init Initializing ProtocolHandler ["http-nio-8080"]
17-Jun-2021 18:07:52.832 INFO [main] org.apache.tomcat.util.net.NioSelectorPool.getSharedSelector Using a shared selector for servlet write/read
17-Jun-2021 18:07:52.852 INFO [main] org.apache.catalina.startup.Catalina.load Initialization processed in 964 ms
17-Jun-2021 18:07:52.916 INFO [main] org.apache.catalina.core.StandardService.startInternal Starting service [Catalina]
17-Jun-2021 18:07:52.916 INFO [main] org.apache.catalina.core.StandardEngine.startInternal Starting Servlet Engine: Apache Tomcat/8.5.64
17-Jun-2021 18:07:52.935 INFO [localhost-startStop-1] org.apache.catalina.startup.HostConfig.deployDescriptor Deploying deployment descriptor [C:\Users\admin\OneDrive\Documents\NetBeansProjects\Management_Mobile\apache-tomcat-8.5.64\conf\Catalina\localhost\Management_Mobile.xml]
17-Jun-2021 18:07:56.579 INFO [localhost-startStop-1] org.apache.jasper.servlet.TldScanner.scanJars At least one JAR was scanned for TLDs yet contained no TLDs. Enable debug logging for this logger for a complete list of JARs that were scanned but no TLDs were found in them. Skipping unneeded JARs during scanning can improve startup time and JSP compilation time.
17-Jun-2021 18:07:56.761 INFO [localhost-startStop-1] org.apache.catalina.startup.HostConfig.deployDescriptor Deployment of deployment descriptor [C:\Users\admin\OneDrive\Documents\NetBeansProjects\Management_Mobile\apache-tomcat-8.5.64\conf\Catalina\localhost\Management_Mobile.xml] has finished in [3,825] ms
17-Jun-2021 18:07:56.763 INFO [localhost-startStop-1] org.apache.catalina.startup.HostConfig.deployDirectory Deploying web application directory [C:\Users\admin\OneDrive\Documents\NetBeansProjects\Management_Mobile\apache-tomcat-8.5.64\webapps\docs]
17-Jun-2021 18:07:56.825 INFO [localhost-startStop-1] org.apache.catalina.startup.HostConfig.deployDirectory Deployment of web application directory [C:\Users\admin\OneDrive\Documents\NetBeansProjects\Management_Mobile\apache-tomcat-8.5.64\webapps\docs] has finished in [63] ms
17-Jun-2021 18:07:56.826 INFO [localhost-startStop-1] org.apache.catalina.startup.HostConfig.deployDirectory Deploying web application directory [C:\Users\admin\OneDrive\Documents\NetBeansProjects\Management_Mobile\apache-tomcat-8.5.64\webapps\examples]
17-Jun-2021 18:07:57.453 INFO [localhost-startStop-1] org.apache.catalina.startup.HostConfig.deployDirectory Deployment of web application directory [C:\Users\admin\OneDrive\Documents\NetBeansProjects\Management_Mobile\apache-tomcat-8.5.64\webapps\examples] has finished in [627] ms
17-Jun-2021 18:07:57.454 INFO [localhost-startStop-1] org.apache.catalina.startup.HostConfig.deployDirectory Deploying web application directory [C:\Users\admin\OneDrive\Documents\NetBeansProjects\Management_Mobile\apache-tomcat-8.5.64\webapps\host-manager]
17-Jun-2021 18:07:57.517 INFO [localhost-startStop-1] org.apache.catalina.startup.HostConfig.deployDirectory Deployment of web application directory [C:\Users\admin\OneDrive\Documents\NetBeansProjects\Management_Mobile\apache-tomcat-8.5.64\webapps\host-manager] has finished in [63] ms
17-Jun-2021 18:07:57.518 INFO [localhost-startStop-1] org.apache.catalina.startup.HostConfig.deployDirectory Deploying web application directory [C:\Users\admin\OneDrive\Documents\NetBeansProjects\Management_Mobile\apache-tomcat-8.5.64\webapps\manager]
17-Jun-2021 18:07:57.569 INFO [localhost-startStop-1] org.apache.catalina.startup.HostConfig.deployDirectory Deployment of web application directory [C:\Users\admin\OneDrive\Documents\NetBeansProjects\Management_Mobile\apache-tomcat-8.5.64\webapps\manager] has finished in [50] ms
17-Jun-2021 18:07:57.569 INFO [localhost-startStop-1] org.apache.catalina.startup.HostConfig.deployDirectory Deploying web application directory [C:\Users\admin\OneDrive\Documents\NetBeansProjects\Management_Mobile\apache-tomcat-8.5.64\webapps\ROOT]
17-Jun-2021 18:07:57.610 INFO [localhost-startStop-1] org.apache.catalina.startup.HostConfig.deployDirectory Deployment of web application directory [C:\Users\admin\OneDrive\Documents\NetBeansProjects\Management_Mobile\apache-tomcat-8.5.64\webapps\ROOT] has finished in [41] ms
17-Jun-2021 18:07:57.616 INFO [main] org.apache.coyote.AbstractProtocol.start Starting ProtocolHandler ["http-nio-8080"]
17-Jun-2021 18:07:57.634 INFO [main] org.apache.catalina.startup.Catalina.start Server startup in 4782 ms
17-Jun-2021 18:08:00.125 INFO [http-nio-8080-exec-8] org.apache.jasper.servlet.TldScanner.scanJars At least one JAR was scanned for TLDs yet contained no TLDs. Enable debug logging for this logger for a complete list of JARs that were scanned but no TLDs were found in them. Skipping unneeded JARs during scanning can improve startup time and JSP compilation time.
17-Jun-2021 18:13:01.104 INFO [http-nio-8080-exec-15] org.apache.catalina.core.StandardContext.reload Reloading Context with name [/Management_Mobile] has started
17-Jun-2021 18:13:01.115 WARNING [http-nio-8080-exec-15] org.apache.catalina.loader.WebappClassLoaderBase.clearReferencesJdbc The web application [Management_Mobile] registered the JDBC driver [com.microsoft.sqlserver.jdbc.SQLServerDriver] but failed to unregister it when the web application was stopped. To prevent a memory leak, the JDBC Driver has been forcibly unregistered.
17-Jun-2021 18:13:03.659 INFO [http-nio-8080-exec-15] org.apache.jasper.servlet.TldScanner.scanJars At least one JAR was scanned for TLDs yet contained no TLDs. Enable debug logging for this logger for a complete list of JARs that were scanned but no TLDs were found in them. Skipping unneeded JARs during scanning can improve startup time and JSP compilation time.
17-Jun-2021 18:13:03.700 INFO [http-nio-8080-exec-15] org.apache.catalina.core.StandardContext.reload Reloading Context with name [/Management_Mobile] is completed
17-Jun-2021 18:14:05.547 INFO [http-nio-8080-exec-24] org.apache.catalina.core.StandardContext.reload Reloading Context with name [/Management_Mobile] has started
17-Jun-2021 18:14:05.575 WARNING [http-nio-8080-exec-24] org.apache.catalina.loader.WebappClassLoaderBase.clearReferencesJdbc The web application [Management_Mobile] registered the JDBC driver [com.microsoft.sqlserver.jdbc.SQLServerDriver] but failed to unregister it when the web application was stopped. To prevent a memory leak, the JDBC Driver has been forcibly unregistered.
17-Jun-2021 18:14:08.074 INFO [http-nio-8080-exec-24] org.apache.jasper.servlet.TldScanner.scanJars At least one JAR was scanned for TLDs yet contained no TLDs. Enable debug logging for this logger for a complete list of JARs that were scanned but no TLDs were found in them. Skipping unneeded JARs during scanning can improve startup time and JSP compilation time.
17-Jun-2021 18:14:08.121 INFO [http-nio-8080-exec-24] org.apache.catalina.core.StandardContext.reload Reloading Context with name [/Management_Mobile] is completed
17-Jun-2021 18:55:46.350 INFO [http-nio-8080-exec-34] org.apache.catalina.core.StandardContext.reload Reloading Context with name [/Management_Mobile] has started
17-Jun-2021 18:55:46.364 WARNING [http-nio-8080-exec-34] org.apache.catalina.loader.WebappClassLoaderBase.clearReferencesJdbc The web application [Management_Mobile] registered the JDBC driver [com.microsoft.sqlserver.jdbc.SQLServerDriver] but failed to unregister it when the web application was stopped. To prevent a memory leak, the JDBC Driver has been forcibly unregistered.
17-Jun-2021 18:55:49.663 INFO [http-nio-8080-exec-34] org.apache.jasper.servlet.TldScanner.scanJars At least one JAR was scanned for TLDs yet contained no TLDs. Enable debug logging for this logger for a complete list of JARs that were scanned but no TLDs were found in them. Skipping unneeded JARs during scanning can improve startup time and JSP compilation time.
17-Jun-2021 18:55:49.717 INFO [http-nio-8080-exec-34] org.apache.catalina.core.StandardContext.reload Reloading Context with name [/Management_Mobile] is completed
17-Jun-2021 18:57:05.888 INFO [http-nio-8080-exec-32] org.apache.catalina.core.StandardContext.reload Reloading Context with name [/Management_Mobile] has started
17-Jun-2021 18:57:08.559 INFO [http-nio-8080-exec-32] org.apache.jasper.servlet.TldScanner.scanJars At least one JAR was scanned for TLDs yet contained no TLDs. Enable debug logging for this logger for a complete list of JARs that were scanned but no TLDs were found in them. Skipping unneeded JARs during scanning can improve startup time and JSP compilation time.
17-Jun-2021 18:57:08.606 INFO [http-nio-8080-exec-32] org.apache.catalina.core.StandardContext.reload Reloading Context with name [/Management_Mobile] is completed
17-Jun-2021 18:59:20.113 INFO [http-nio-8080-exec-46] org.apache.catalina.core.StandardContext.reload Reloading Context with name [/Management_Mobile] has started
17-Jun-2021 18:59:22.888 INFO [http-nio-8080-exec-46] org.apache.jasper.servlet.TldScanner.scanJars At least one JAR was scanned for TLDs yet contained no TLDs. Enable debug logging for this logger for a complete list of JARs that were scanned but no TLDs were found in them. Skipping unneeded JARs during scanning can improve startup time and JSP compilation time.
17-Jun-2021 18:59:22.930 INFO [http-nio-8080-exec-46] org.apache.catalina.core.StandardContext.reload Reloading Context with name [/Management_Mobile] is completed
17-Jun-2021 18:59:29.281 INFO [http-nio-8080-exec-35] org.apache.catalina.core.StandardContext.reload Reloading Context with name [/Management_Mobile] has started
17-Jun-2021 18:59:32.481 INFO [http-nio-8080-exec-35] org.apache.jasper.servlet.TldScanner.scanJars At least one JAR was scanned for TLDs yet contained no TLDs. Enable debug logging for this logger for a complete list of JARs that were scanned but no TLDs were found in them. Skipping unneeded JARs during scanning can improve startup time and JSP compilation time.
17-Jun-2021 18:59:32.525 INFO [http-nio-8080-exec-35] org.apache.catalina.core.StandardContext.reload Reloading Context with name [/Management_Mobile] is completed
17-Jun-2021 19:00:14.866 INFO [http-nio-8080-exec-49] org.apache.catalina.core.StandardContext.reload Reloading Context with name [/Management_Mobile] has started
17-Jun-2021 19:00:14.873 WARNING [http-nio-8080-exec-49] org.apache.catalina.loader.WebappClassLoaderBase.clearReferencesJdbc The web application [Management_Mobile] registered the JDBC driver [com.microsoft.sqlserver.jdbc.SQLServerDriver] but failed to unregister it when the web application was stopped. To prevent a memory leak, the JDBC Driver has been forcibly unregistered.
17-Jun-2021 19:00:17.516 INFO [http-nio-8080-exec-49] org.apache.jasper.servlet.TldScanner.scanJars At least one JAR was scanned for TLDs yet contained no TLDs. Enable debug logging for this logger for a complete list of JARs that were scanned but no TLDs were found in them. Skipping unneeded JARs during scanning can improve startup time and JSP compilation time.
17-Jun-2021 19:00:17.557 INFO [http-nio-8080-exec-49] org.apache.catalina.core.StandardContext.reload Reloading Context with name [/Management_Mobile] is completed
17-Jun-2021 19:00:37.411 INFO [http-nio-8080-exec-56] org.apache.catalina.core.StandardContext.reload Reloading Context with name [/Management_Mobile] has started
17-Jun-2021 19:00:40.090 INFO [http-nio-8080-exec-56] org.apache.jasper.servlet.TldScanner.scanJars At least one JAR was scanned for TLDs yet contained no TLDs. Enable debug logging for this logger for a complete list of JARs that were scanned but no TLDs were found in them. Skipping unneeded JARs during scanning can improve startup time and JSP compilation time.
17-Jun-2021 19:00:40.128 INFO [http-nio-8080-exec-56] org.apache.catalina.core.StandardContext.reload Reloading Context with name [/Management_Mobile] is completed
17-Jun-2021 19:00:44.038 INFO [http-nio-8080-exec-53] org.apache.catalina.core.StandardContext.reload Reloading Context with name [/Management_Mobile] has started
17-Jun-2021 19:00:46.752 INFO [http-nio-8080-exec-53] org.apache.jasper.servlet.TldScanner.scanJars At least one JAR was scanned for TLDs yet contained no TLDs. Enable debug logging for this logger for a complete list of JARs that were scanned but no TLDs were found in them. Skipping unneeded JARs during scanning can improve startup time and JSP compilation time.
17-Jun-2021 19:00:46.795 INFO [http-nio-8080-exec-53] org.apache.catalina.core.StandardContext.reload Reloading Context with name [/Management_Mobile] is completed
17-Jun-2021 19:01:12.997 INFO [http-nio-8080-exec-63] org.apache.catalina.core.StandardContext.reload Reloading Context with name [/Management_Mobile] has started
17-Jun-2021 19:01:13.004 WARNING [http-nio-8080-exec-63] org.apache.catalina.loader.WebappClassLoaderBase.clearReferencesJdbc The web application [Management_Mobile] registered the JDBC driver [com.microsoft.sqlserver.jdbc.SQLServerDriver] but failed to unregister it when the web application was stopped. To prevent a memory leak, the JDBC Driver has been forcibly unregistered.
17-Jun-2021 19:01:16.035 INFO [http-nio-8080-exec-63] org.apache.jasper.servlet.TldScanner.scanJars At least one JAR was scanned for TLDs yet contained no TLDs. Enable debug logging for this logger for a complete list of JARs that were scanned but no TLDs were found in them. Skipping unneeded JARs during scanning can improve startup time and JSP compilation time.
17-Jun-2021 19:01:16.076 INFO [http-nio-8080-exec-63] org.apache.catalina.core.StandardContext.reload Reloading Context with name [/Management_Mobile] is completed
17-Jun-2021 19:03:00.162 INFO [http-nio-8080-exec-68] org.apache.catalina.core.StandardContext.reload Reloading Context with name [/Management_Mobile] has started
17-Jun-2021 19:03:00.167 WARNING [http-nio-8080-exec-68] org.apache.catalina.loader.WebappClassLoaderBase.clearReferencesJdbc The web application [Management_Mobile] registered the JDBC driver [com.microsoft.sqlserver.jdbc.SQLServerDriver] but failed to unregister it when the web application was stopped. To prevent a memory leak, the JDBC Driver has been forcibly unregistered.
17-Jun-2021 19:03:02.735 INFO [http-nio-8080-exec-68] org.apache.jasper.servlet.TldScanner.scanJars At least one JAR was scanned for TLDs yet contained no TLDs. Enable debug logging for this logger for a complete list of JARs that were scanned but no TLDs were found in them. Skipping unneeded JARs during scanning can improve startup time and JSP compilation time.
17-Jun-2021 19:03:02.775 INFO [http-nio-8080-exec-68] org.apache.catalina.core.StandardContext.reload Reloading Context with name [/Management_Mobile] is completed
17-Jun-2021 19:03:06.048 INFO [http-nio-8080-exec-74] org.apache.catalina.core.StandardContext.reload Reloading Context with name [/Management_Mobile] has started
17-Jun-2021 19:03:08.822 INFO [http-nio-8080-exec-74] org.apache.jasper.servlet.TldScanner.scanJars At least one JAR was scanned for TLDs yet contained no TLDs. Enable debug logging for this logger for a complete list of JARs that were scanned but no TLDs were found in them. Skipping unneeded JARs during scanning can improve startup time and JSP compilation time.
17-Jun-2021 19:03:08.869 INFO [http-nio-8080-exec-74] org.apache.catalina.core.StandardContext.reload Reloading Context with name [/Management_Mobile] is completed
17-Jun-2021 19:03:51.259 INFO [http-nio-8080-exec-72] org.apache.catalina.core.StandardContext.reload Reloading Context with name [/Management_Mobile] has started
17-Jun-2021 19:03:54.111 INFO [http-nio-8080-exec-72] org.apache.jasper.servlet.TldScanner.scanJars At least one JAR was scanned for TLDs yet contained no TLDs. Enable debug logging for this logger for a complete list of JARs that were scanned but no TLDs were found in them. Skipping unneeded JARs during scanning can improve startup time and JSP compilation time.
17-Jun-2021 19:03:54.153 INFO [http-nio-8080-exec-72] org.apache.catalina.core.StandardContext.reload Reloading Context with name [/Management_Mobile] is completed
17-Jun-2021 19:05:49.671 INFO [http-nio-8080-exec-82] org.apache.catalina.core.StandardContext.reload Reloading Context with name [/Management_Mobile] has started
17-Jun-2021 19:05:49.675 WARNING [http-nio-8080-exec-82] org.apache.catalina.loader.WebappClassLoaderBase.clearReferencesJdbc The web application [Management_Mobile] registered the JDBC driver [com.microsoft.sqlserver.jdbc.SQLServerDriver] but failed to unregister it when the web application was stopped. To prevent a memory leak, the JDBC Driver has been forcibly unregistered.
17-Jun-2021 19:05:52.543 INFO [http-nio-8080-exec-82] org.apache.jasper.servlet.TldScanner.scanJars At least one JAR was scanned for TLDs yet contained no TLDs. Enable debug logging for this logger for a complete list of JARs that were scanned but no TLDs were found in them. Skipping unneeded JARs during scanning can improve startup time and JSP compilation time.
17-Jun-2021 19:05:52.578 INFO [http-nio-8080-exec-82] org.apache.catalina.core.StandardContext.reload Reloading Context with name [/Management_Mobile] is completed
17-Jun-2021 19:06:57.601 INFO [main] org.apache.catalina.core.StandardServer.await A valid shutdown command was received via the shutdown port. Stopping the Server instance.
17-Jun-2021 19:06:57.602 INFO [main] org.apache.coyote.AbstractProtocol.pause Pausing ProtocolHandler ["http-nio-8080"]
17-Jun-2021 19:06:57.620 INFO [main] org.apache.catalina.core.StandardService.stopInternal Stopping service [Catalina]
17-Jun-2021 19:06:57.635 WARNING [localhost-startStop-2] org.apache.catalina.loader.WebappClassLoaderBase.clearReferencesJdbc The web application [Management_Mobile] registered the JDBC driver [com.microsoft.sqlserver.jdbc.SQLServerDriver] but failed to unregister it when the web application was stopped. To prevent a memory leak, the JDBC Driver has been forcibly unregistered.
17-Jun-2021 19:06:57.651 INFO [main] org.apache.coyote.AbstractProtocol.stop Stopping ProtocolHandler ["http-nio-8080"]
17-Jun-2021 19:06:57.657 INFO [main] org.apache.coyote.AbstractProtocol.destroy Destroying ProtocolHandler ["http-nio-8080"]
