09-Jun-2021 19:09:19.442 INFO [main] org.apache.catalina.startup.VersionLoggerListener.log Server version name:   Apache Tomcat/8.5.64
09-Jun-2021 19:09:19.447 INFO [main] org.apache.catalina.startup.VersionLoggerListener.log Server built:          Mar 4 2021 23:14:16 UTC
09-Jun-2021 19:09:19.447 INFO [main] org.apache.catalina.startup.VersionLoggerListener.log Server version number: 8.5.64.0
09-Jun-2021 19:09:19.447 INFO [main] org.apache.catalina.startup.VersionLoggerListener.log OS Name:               Windows 10
09-Jun-2021 19:09:19.447 INFO [main] org.apache.catalina.startup.VersionLoggerListener.log OS Version:            10.0
09-Jun-2021 19:09:19.447 INFO [main] org.apache.catalina.startup.VersionLoggerListener.log Architecture:          amd64
09-Jun-2021 19:09:19.448 INFO [main] org.apache.catalina.startup.VersionLoggerListener.log Java Home:             C:\Program Files\Java\jdk-14.0.1
09-Jun-2021 19:09:19.448 INFO [main] org.apache.catalina.startup.VersionLoggerListener.log JVM Version:           14.0.1+7
09-Jun-2021 19:09:19.448 INFO [main] org.apache.catalina.startup.VersionLoggerListener.log JVM Vendor:            Oracle Corporation
09-Jun-2021 19:09:19.448 INFO [main] org.apache.catalina.startup.VersionLoggerListener.log CATALINA_BASE:         C:\Users\admin\OneDrive\Documents\NetBeansProjects\Management_Mobile\apache-tomcat-8.5.64
09-Jun-2021 19:09:19.448 INFO [main] org.apache.catalina.startup.VersionLoggerListener.log CATALINA_HOME:         C:\Users\admin\OneDrive\Documents\NetBeansProjects\Management_Mobile\apache-tomcat-8.5.64
09-Jun-2021 19:09:19.450 INFO [main] org.apache.catalina.startup.VersionLoggerListener.log Command line argument: --add-opens=java.base/java.lang=ALL-UNNAMED
09-Jun-2021 19:09:19.450 INFO [main] org.apache.catalina.startup.VersionLoggerListener.log Command line argument: --add-opens=java.base/java.io=ALL-UNNAMED
09-Jun-2021 19:09:19.450 INFO [main] org.apache.catalina.startup.VersionLoggerListener.log Command line argument: --add-opens=java.base/java.util=ALL-UNNAMED
09-Jun-2021 19:09:19.450 INFO [main] org.apache.catalina.startup.VersionLoggerListener.log Command line argument: --add-opens=java.base/java.util.concurrent=ALL-UNNAMED
09-Jun-2021 19:09:19.451 INFO [main] org.apache.catalina.startup.VersionLoggerListener.log Command line argument: --add-opens=java.rmi/sun.rmi.transport=ALL-UNNAMED
09-Jun-2021 19:09:19.451 INFO [main] org.apache.catalina.startup.VersionLoggerListener.log Command line argument: -Djava.util.logging.config.file=C:\Users\admin\OneDrive\Documents\NetBeansProjects\Management_Mobile\apache-tomcat-8.5.64\conf\logging.properties
09-Jun-2021 19:09:19.451 INFO [main] org.apache.catalina.startup.VersionLoggerListener.log Command line argument: -Djava.util.logging.manager=org.apache.juli.ClassLoaderLogManager
09-Jun-2021 19:09:19.451 INFO [main] org.apache.catalina.startup.VersionLoggerListener.log Command line argument: -Dhttp.nonProxyHosts=localhost|127.0.0.1|DESKTOP-MBMJ2MM
09-Jun-2021 19:09:19.451 INFO [main] org.apache.catalina.startup.VersionLoggerListener.log Command line argument: -Djdk.tls.ephemeralDHKeySize=2048
09-Jun-2021 19:09:19.451 INFO [main] org.apache.catalina.startup.VersionLoggerListener.log Command line argument: -Djava.protocol.handler.pkgs=org.apache.catalina.webresources
09-Jun-2021 19:09:19.451 INFO [main] org.apache.catalina.startup.VersionLoggerListener.log Command line argument: -Dignore.endorsed.dirs=
09-Jun-2021 19:09:19.451 INFO [main] org.apache.catalina.startup.VersionLoggerListener.log Command line argument: -Dcatalina.base=C:\Users\admin\OneDrive\Documents\NetBeansProjects\Management_Mobile\apache-tomcat-8.5.64
09-Jun-2021 19:09:19.451 INFO [main] org.apache.catalina.startup.VersionLoggerListener.log Command line argument: -Dcatalina.home=C:\Users\admin\OneDrive\Documents\NetBeansProjects\Management_Mobile\apache-tomcat-8.5.64
09-Jun-2021 19:09:19.451 INFO [main] org.apache.catalina.startup.VersionLoggerListener.log Command line argument: -Djava.io.tmpdir=C:\Users\admin\OneDrive\Documents\NetBeansProjects\Management_Mobile\apache-tomcat-8.5.64\temp
09-Jun-2021 19:09:19.466 INFO [main] org.apache.catalina.core.AprLifecycleListener.lifecycleEvent Loaded Apache Tomcat Native library [1.2.26] using APR version [1.7.0].
09-Jun-2021 19:09:19.466 INFO [main] org.apache.catalina.core.AprLifecycleListener.lifecycleEvent APR capabilities: IPv6 [true], sendfile [true], accept filters [false], random [true].
09-Jun-2021 19:09:19.466 INFO [main] org.apache.catalina.core.AprLifecycleListener.lifecycleEvent APR/OpenSSL configuration: useAprConnector [false], useOpenSSL [true]
09-Jun-2021 19:09:19.487 INFO [main] org.apache.catalina.core.AprLifecycleListener.initializeSSL OpenSSL successfully initialized [OpenSSL 1.1.1i  8 Dec 2020]
09-Jun-2021 19:09:19.554 INFO [main] org.apache.coyote.AbstractProtocol.init Initializing ProtocolHandler ["http-nio-8080"]
09-Jun-2021 19:09:19.642 INFO [main] org.apache.tomcat.util.net.NioSelectorPool.getSharedSelector Using a shared selector for servlet write/read
09-Jun-2021 19:09:19.661 INFO [main] org.apache.catalina.startup.Catalina.load Initialization processed in 850 ms
09-Jun-2021 19:09:19.726 INFO [main] org.apache.catalina.core.StandardService.startInternal Starting service [Catalina]
09-Jun-2021 19:09:19.727 INFO [main] org.apache.catalina.core.StandardEngine.startInternal Starting Servlet Engine: Apache Tomcat/8.5.64
09-Jun-2021 19:09:19.744 INFO [localhost-startStop-1] org.apache.catalina.startup.HostConfig.deployDirectory Deploying web application directory [C:\Users\admin\OneDrive\Documents\NetBeansProjects\Management_Mobile\apache-tomcat-8.5.64\webapps\docs]
09-Jun-2021 19:09:20.115 INFO [localhost-startStop-1] org.apache.catalina.startup.HostConfig.deployDirectory Deployment of web application directory [C:\Users\admin\OneDrive\Documents\NetBeansProjects\Management_Mobile\apache-tomcat-8.5.64\webapps\docs] has finished in [370] ms
09-Jun-2021 19:09:20.116 INFO [localhost-startStop-1] org.apache.catalina.startup.HostConfig.deployDirectory Deploying web application directory [C:\Users\admin\OneDrive\Documents\NetBeansProjects\Management_Mobile\apache-tomcat-8.5.64\webapps\examples]
09-Jun-2021 19:09:20.940 INFO [localhost-startStop-1] org.apache.catalina.startup.HostConfig.deployDirectory Deployment of web application directory [C:\Users\admin\OneDrive\Documents\NetBeansProjects\Management_Mobile\apache-tomcat-8.5.64\webapps\examples] has finished in [824] ms
09-Jun-2021 19:09:20.940 INFO [localhost-startStop-1] org.apache.catalina.startup.HostConfig.deployDirectory Deploying web application directory [C:\Users\admin\OneDrive\Documents\NetBeansProjects\Management_Mobile\apache-tomcat-8.5.64\webapps\host-manager]
09-Jun-2021 19:09:21.057 INFO [localhost-startStop-1] org.apache.catalina.startup.HostConfig.deployDirectory Deployment of web application directory [C:\Users\admin\OneDrive\Documents\NetBeansProjects\Management_Mobile\apache-tomcat-8.5.64\webapps\host-manager] has finished in [116] ms
09-Jun-2021 19:09:21.057 INFO [localhost-startStop-1] org.apache.catalina.startup.HostConfig.deployDirectory Deploying web application directory [C:\Users\admin\OneDrive\Documents\NetBeansProjects\Management_Mobile\apache-tomcat-8.5.64\webapps\manager]
09-Jun-2021 19:09:21.127 INFO [localhost-startStop-1] org.apache.catalina.startup.HostConfig.deployDirectory Deployment of web application directory [C:\Users\admin\OneDrive\Documents\NetBeansProjects\Management_Mobile\apache-tomcat-8.5.64\webapps\manager] has finished in [70] ms
09-Jun-2021 19:09:21.127 INFO [localhost-startStop-1] org.apache.catalina.startup.HostConfig.deployDirectory Deploying web application directory [C:\Users\admin\OneDrive\Documents\NetBeansProjects\Management_Mobile\apache-tomcat-8.5.64\webapps\ROOT]
09-Jun-2021 19:09:21.261 INFO [localhost-startStop-1] org.apache.catalina.startup.HostConfig.deployDirectory Deployment of web application directory [C:\Users\admin\OneDrive\Documents\NetBeansProjects\Management_Mobile\apache-tomcat-8.5.64\webapps\ROOT] has finished in [133] ms
09-Jun-2021 19:09:21.268 INFO [main] org.apache.coyote.AbstractProtocol.start Starting ProtocolHandler ["http-nio-8080"]
09-Jun-2021 19:09:21.292 INFO [main] org.apache.catalina.startup.Catalina.start Server startup in 1631 ms
09-Jun-2021 19:09:21.490 INFO [http-nio-8080-exec-6] org.apache.catalina.startup.HostConfig.deployDescriptor Deploying deployment descriptor [C:\Users\admin\OneDrive\Documents\NetBeansProjects\Management_Mobile\apache-tomcat-8.5.64\conf\Catalina\localhost\Management_Mobile.xml]
09-Jun-2021 19:09:24.552 INFO [http-nio-8080-exec-6] org.apache.jasper.servlet.TldScanner.scanJars At least one JAR was scanned for TLDs yet contained no TLDs. Enable debug logging for this logger for a complete list of JARs that were scanned but no TLDs were found in them. Skipping unneeded JARs during scanning can improve startup time and JSP compilation time.
09-Jun-2021 19:09:24.658 INFO [http-nio-8080-exec-6] org.springframework.web.context.ContextLoader.initWebApplicationContext Root WebApplicationContext: initialization started
09-Jun-2021 19:09:24.804 INFO [http-nio-8080-exec-6] org.springframework.web.context.support.XmlWebApplicationContext.prepareRefresh Refreshing Root WebApplicationContext: startup date [Wed Jun 09 19:09:24 ICT 2021]; root of context hierarchy
09-Jun-2021 19:09:24.922 INFO [http-nio-8080-exec-6] org.springframework.beans.factory.xml.XmlBeanDefinitionReader.loadBeanDefinitions Loading XML bean definitions from ServletContext resource [/WEB-INF/applicationContext.xml]
09-Jun-2021 19:09:25.169 INFO [http-nio-8080-exec-6] org.springframework.web.context.ContextLoader.initWebApplicationContext Root WebApplicationContext: initialization completed in 510 ms
09-Jun-2021 19:09:25.182 INFO [http-nio-8080-exec-6] org.springframework.web.servlet.DispatcherServlet.initServletBean FrameworkServlet 'dispatcher': initialization started
09-Jun-2021 19:09:25.212 INFO [http-nio-8080-exec-6] org.springframework.web.context.support.XmlWebApplicationContext.prepareRefresh Refreshing WebApplicationContext for namespace 'dispatcher-servlet': startup date [Wed Jun 09 19:09:25 ICT 2021]; parent: Root WebApplicationContext
09-Jun-2021 19:09:25.213 INFO [http-nio-8080-exec-6] org.springframework.beans.factory.xml.XmlBeanDefinitionReader.loadBeanDefinitions Loading XML bean definitions from ServletContext resource [/WEB-INF/dispatcher-servlet.xml]
09-Jun-2021 19:09:25.612 INFO [http-nio-8080-exec-6] org.springframework.web.servlet.handler.SimpleUrlHandlerMapping.registerHandler Mapped URL path [/index.htm] onto handler 'indexController'
09-Jun-2021 19:09:25.756 INFO [http-nio-8080-exec-6] org.springframework.web.servlet.DispatcherServlet.initServletBean FrameworkServlet 'dispatcher': initialization completed in 574 ms
09-Jun-2021 19:09:25.760 INFO [http-nio-8080-exec-6] org.apache.catalina.startup.HostConfig.deployDescriptor Deployment of deployment descriptor [C:\Users\admin\OneDrive\Documents\NetBeansProjects\Management_Mobile\apache-tomcat-8.5.64\conf\Catalina\localhost\Management_Mobile.xml] has finished in [4,270] ms
09-Jun-2021 19:09:25.766 INFO [http-nio-8080-exec-7] org.apache.catalina.util.LifecycleBase.start The start() method was called on component [StandardEngine[Catalina].StandardHost[localhost].StandardContext[/Management_Mobile]] after start() had already been called. The second call will be ignored.
09-Jun-2021 19:13:01.792 INFO [main] org.apache.catalina.core.StandardServer.await A valid shutdown command was received via the shutdown port. Stopping the Server instance.
09-Jun-2021 19:13:01.793 INFO [main] org.apache.coyote.AbstractProtocol.pause Pausing ProtocolHandler ["http-nio-8080"]
09-Jun-2021 19:13:01.813 INFO [main] org.apache.catalina.core.StandardService.stopInternal Stopping service [Catalina]
09-Jun-2021 19:13:01.838 INFO [localhost-startStop-2] org.springframework.web.context.support.XmlWebApplicationContext.doClose Closing WebApplicationContext for namespace 'dispatcher-servlet': startup date [Wed Jun 09 19:09:25 ICT 2021]; parent: Root WebApplicationContext
09-Jun-2021 19:13:01.846 INFO [localhost-startStop-2] org.springframework.web.context.support.XmlWebApplicationContext.doClose Closing Root WebApplicationContext: startup date [Wed Jun 09 19:09:24 ICT 2021]; root of context hierarchy
09-Jun-2021 19:13:01.859 WARNING [localhost-startStop-2] org.apache.catalina.loader.WebappClassLoaderBase.clearReferencesJdbc The web application [Management_Mobile] registered the JDBC driver [com.microsoft.sqlserver.jdbc.SQLServerDriver] but failed to unregister it when the web application was stopped. To prevent a memory leak, the JDBC Driver has been forcibly unregistered.
09-Jun-2021 19:13:01.881 INFO [main] org.apache.coyote.AbstractProtocol.stop Stopping ProtocolHandler ["http-nio-8080"]
09-Jun-2021 19:13:01.884 INFO [main] org.apache.coyote.AbstractProtocol.destroy Destroying ProtocolHandler ["http-nio-8080"]
09-Jun-2021 19:13:35.480 INFO [main] org.apache.catalina.startup.VersionLoggerListener.log Server version name:   Apache Tomcat/8.5.64
09-Jun-2021 19:13:35.484 INFO [main] org.apache.catalina.startup.VersionLoggerListener.log Server built:          Mar 4 2021 23:14:16 UTC
09-Jun-2021 19:13:35.484 INFO [main] org.apache.catalina.startup.VersionLoggerListener.log Server version number: 8.5.64.0
09-Jun-2021 19:13:35.484 INFO [main] org.apache.catalina.startup.VersionLoggerListener.log OS Name:               Windows 10
09-Jun-2021 19:13:35.484 INFO [main] org.apache.catalina.startup.VersionLoggerListener.log OS Version:            10.0
09-Jun-2021 19:13:35.484 INFO [main] org.apache.catalina.startup.VersionLoggerListener.log Architecture:          amd64
09-Jun-2021 19:13:35.485 INFO [main] org.apache.catalina.startup.VersionLoggerListener.log Java Home:             C:\Program Files\Java\jdk-14.0.1
09-Jun-2021 19:13:35.485 INFO [main] org.apache.catalina.startup.VersionLoggerListener.log JVM Version:           14.0.1+7
09-Jun-2021 19:13:35.485 INFO [main] org.apache.catalina.startup.VersionLoggerListener.log JVM Vendor:            Oracle Corporation
09-Jun-2021 19:13:35.485 INFO [main] org.apache.catalina.startup.VersionLoggerListener.log CATALINA_BASE:         C:\Users\admin\OneDrive\Documents\NetBeansProjects\Management_Mobile\apache-tomcat-8.5.64
09-Jun-2021 19:13:35.485 INFO [main] org.apache.catalina.startup.VersionLoggerListener.log CATALINA_HOME:         C:\Users\admin\OneDrive\Documents\NetBeansProjects\Management_Mobile\apache-tomcat-8.5.64
09-Jun-2021 19:13:35.487 INFO [main] org.apache.catalina.startup.VersionLoggerListener.log Command line argument: --add-opens=java.base/java.lang=ALL-UNNAMED
09-Jun-2021 19:13:35.488 INFO [main] org.apache.catalina.startup.VersionLoggerListener.log Command line argument: --add-opens=java.base/java.io=ALL-UNNAMED
09-Jun-2021 19:13:35.488 INFO [main] org.apache.catalina.startup.VersionLoggerListener.log Command line argument: --add-opens=java.base/java.util=ALL-UNNAMED
09-Jun-2021 19:13:35.488 INFO [main] org.apache.catalina.startup.VersionLoggerListener.log Command line argument: --add-opens=java.base/java.util.concurrent=ALL-UNNAMED
09-Jun-2021 19:13:35.488 INFO [main] org.apache.catalina.startup.VersionLoggerListener.log Command line argument: --add-opens=java.rmi/sun.rmi.transport=ALL-UNNAMED
09-Jun-2021 19:13:35.488 INFO [main] org.apache.catalina.startup.VersionLoggerListener.log Command line argument: -Djava.util.logging.config.file=C:\Users\admin\OneDrive\Documents\NetBeansProjects\Management_Mobile\apache-tomcat-8.5.64\conf\logging.properties
09-Jun-2021 19:13:35.488 INFO [main] org.apache.catalina.startup.VersionLoggerListener.log Command line argument: -Djava.util.logging.manager=org.apache.juli.ClassLoaderLogManager
09-Jun-2021 19:13:35.488 INFO [main] org.apache.catalina.startup.VersionLoggerListener.log Command line argument: -Dhttp.nonProxyHosts=localhost|127.0.0.1|DESKTOP-MBMJ2MM
09-Jun-2021 19:13:35.489 INFO [main] org.apache.catalina.startup.VersionLoggerListener.log Command line argument: -Djdk.tls.ephemeralDHKeySize=2048
09-Jun-2021 19:13:35.489 INFO [main] org.apache.catalina.startup.VersionLoggerListener.log Command line argument: -Djava.protocol.handler.pkgs=org.apache.catalina.webresources
09-Jun-2021 19:13:35.489 INFO [main] org.apache.catalina.startup.VersionLoggerListener.log Command line argument: -Dignore.endorsed.dirs=
09-Jun-2021 19:13:35.489 INFO [main] org.apache.catalina.startup.VersionLoggerListener.log Command line argument: -Dcatalina.base=C:\Users\admin\OneDrive\Documents\NetBeansProjects\Management_Mobile\apache-tomcat-8.5.64
09-Jun-2021 19:13:35.489 INFO [main] org.apache.catalina.startup.VersionLoggerListener.log Command line argument: -Dcatalina.home=C:\Users\admin\OneDrive\Documents\NetBeansProjects\Management_Mobile\apache-tomcat-8.5.64
09-Jun-2021 19:13:35.489 INFO [main] org.apache.catalina.startup.VersionLoggerListener.log Command line argument: -Djava.io.tmpdir=C:\Users\admin\OneDrive\Documents\NetBeansProjects\Management_Mobile\apache-tomcat-8.5.64\temp
09-Jun-2021 19:13:35.523 INFO [main] org.apache.catalina.core.AprLifecycleListener.lifecycleEvent Loaded Apache Tomcat Native library [1.2.26] using APR version [1.7.0].
09-Jun-2021 19:13:35.523 INFO [main] org.apache.catalina.core.AprLifecycleListener.lifecycleEvent APR capabilities: IPv6 [true], sendfile [true], accept filters [false], random [true].
09-Jun-2021 19:13:35.523 INFO [main] org.apache.catalina.core.AprLifecycleListener.lifecycleEvent APR/OpenSSL configuration: useAprConnector [false], useOpenSSL [true]
09-Jun-2021 19:13:35.530 INFO [main] org.apache.catalina.core.AprLifecycleListener.initializeSSL OpenSSL successfully initialized [OpenSSL 1.1.1i  8 Dec 2020]
09-Jun-2021 19:13:35.597 INFO [main] org.apache.coyote.AbstractProtocol.init Initializing ProtocolHandler ["http-nio-8080"]
09-Jun-2021 19:13:35.686 INFO [main] org.apache.tomcat.util.net.NioSelectorPool.getSharedSelector Using a shared selector for servlet write/read
09-Jun-2021 19:13:35.706 INFO [main] org.apache.catalina.startup.Catalina.load Initialization processed in 826 ms
09-Jun-2021 19:13:35.778 INFO [main] org.apache.catalina.core.StandardService.startInternal Starting service [Catalina]
09-Jun-2021 19:13:35.779 INFO [main] org.apache.catalina.core.StandardEngine.startInternal Starting Servlet Engine: Apache Tomcat/8.5.64
09-Jun-2021 19:13:35.795 INFO [localhost-startStop-1] org.apache.catalina.startup.HostConfig.deployDescriptor Deploying deployment descriptor [C:\Users\admin\OneDrive\Documents\NetBeansProjects\Management_Mobile\apache-tomcat-8.5.64\conf\Catalina\localhost\Management_Mobile.xml]
09-Jun-2021 19:13:38.941 INFO [localhost-startStop-1] org.apache.jasper.servlet.TldScanner.scanJars At least one JAR was scanned for TLDs yet contained no TLDs. Enable debug logging for this logger for a complete list of JARs that were scanned but no TLDs were found in them. Skipping unneeded JARs during scanning can improve startup time and JSP compilation time.
09-Jun-2021 19:13:39.074 INFO [localhost-startStop-1] org.springframework.web.context.ContextLoader.initWebApplicationContext Root WebApplicationContext: initialization started
09-Jun-2021 19:13:39.220 INFO [localhost-startStop-1] org.springframework.web.context.support.XmlWebApplicationContext.prepareRefresh Refreshing Root WebApplicationContext: startup date [Wed Jun 09 19:13:39 ICT 2021]; root of context hierarchy
09-Jun-2021 19:13:39.324 INFO [localhost-startStop-1] org.springframework.beans.factory.xml.XmlBeanDefinitionReader.loadBeanDefinitions Loading XML bean definitions from ServletContext resource [/WEB-INF/applicationContext.xml]
09-Jun-2021 19:13:39.537 INFO [localhost-startStop-1] org.springframework.web.context.ContextLoader.initWebApplicationContext Root WebApplicationContext: initialization completed in 463 ms
09-Jun-2021 19:13:39.588 INFO [localhost-startStop-1] org.springframework.web.servlet.DispatcherServlet.initServletBean FrameworkServlet 'dispatcher': initialization started
09-Jun-2021 19:13:39.618 INFO [localhost-startStop-1] org.springframework.web.context.support.XmlWebApplicationContext.prepareRefresh Refreshing WebApplicationContext for namespace 'dispatcher-servlet': startup date [Wed Jun 09 19:13:39 ICT 2021]; parent: Root WebApplicationContext
09-Jun-2021 19:13:39.618 INFO [localhost-startStop-1] org.springframework.beans.factory.xml.XmlBeanDefinitionReader.loadBeanDefinitions Loading XML bean definitions from ServletContext resource [/WEB-INF/dispatcher-servlet.xml]
09-Jun-2021 19:13:39.880 INFO [localhost-startStop-1] org.springframework.web.servlet.handler.SimpleUrlHandlerMapping.registerHandler Mapped URL path [/index.htm] onto handler 'indexController'
09-Jun-2021 19:13:39.981 INFO [localhost-startStop-1] org.springframework.web.servlet.DispatcherServlet.initServletBean FrameworkServlet 'dispatcher': initialization completed in 393 ms
09-Jun-2021 19:13:40.001 INFO [localhost-startStop-1] org.apache.catalina.startup.HostConfig.deployDescriptor Deployment of deployment descriptor [C:\Users\admin\OneDrive\Documents\NetBeansProjects\Management_Mobile\apache-tomcat-8.5.64\conf\Catalina\localhost\Management_Mobile.xml] has finished in [4,206] ms
09-Jun-2021 19:13:40.001 INFO [localhost-startStop-1] org.apache.catalina.startup.HostConfig.deployDirectory Deploying web application directory [C:\Users\admin\OneDrive\Documents\NetBeansProjects\Management_Mobile\apache-tomcat-8.5.64\webapps\docs]
09-Jun-2021 19:13:40.041 INFO [localhost-startStop-1] org.apache.catalina.startup.HostConfig.deployDirectory Deployment of web application directory [C:\Users\admin\OneDrive\Documents\NetBeansProjects\Management_Mobile\apache-tomcat-8.5.64\webapps\docs] has finished in [40] ms
09-Jun-2021 19:13:40.041 INFO [localhost-startStop-1] org.apache.catalina.startup.HostConfig.deployDirectory Deploying web application directory [C:\Users\admin\OneDrive\Documents\NetBeansProjects\Management_Mobile\apache-tomcat-8.5.64\webapps\examples]
09-Jun-2021 19:13:40.756 INFO [localhost-startStop-1] org.apache.catalina.startup.HostConfig.deployDirectory Deployment of web application directory [C:\Users\admin\OneDrive\Documents\NetBeansProjects\Management_Mobile\apache-tomcat-8.5.64\webapps\examples] has finished in [715] ms
09-Jun-2021 19:13:40.756 INFO [localhost-startStop-1] org.apache.catalina.startup.HostConfig.deployDirectory Deploying web application directory [C:\Users\admin\OneDrive\Documents\NetBeansProjects\Management_Mobile\apache-tomcat-8.5.64\webapps\host-manager]
09-Jun-2021 19:13:40.813 INFO [localhost-startStop-1] org.apache.catalina.startup.HostConfig.deployDirectory Deployment of web application directory [C:\Users\admin\OneDrive\Documents\NetBeansProjects\Management_Mobile\apache-tomcat-8.5.64\webapps\host-manager] has finished in [57] ms
09-Jun-2021 19:13:40.814 INFO [localhost-startStop-1] org.apache.catalina.startup.HostConfig.deployDirectory Deploying web application directory [C:\Users\admin\OneDrive\Documents\NetBeansProjects\Management_Mobile\apache-tomcat-8.5.64\webapps\manager]
09-Jun-2021 19:13:40.879 INFO [localhost-startStop-1] org.apache.catalina.startup.HostConfig.deployDirectory Deployment of web application directory [C:\Users\admin\OneDrive\Documents\NetBeansProjects\Management_Mobile\apache-tomcat-8.5.64\webapps\manager] has finished in [66] ms
09-Jun-2021 19:13:40.879 INFO [localhost-startStop-1] org.apache.catalina.startup.HostConfig.deployDirectory Deploying web application directory [C:\Users\admin\OneDrive\Documents\NetBeansProjects\Management_Mobile\apache-tomcat-8.5.64\webapps\ROOT]
09-Jun-2021 19:13:40.929 INFO [localhost-startStop-1] org.apache.catalina.startup.HostConfig.deployDirectory Deployment of web application directory [C:\Users\admin\OneDrive\Documents\NetBeansProjects\Management_Mobile\apache-tomcat-8.5.64\webapps\ROOT] has finished in [50] ms
09-Jun-2021 19:13:40.936 INFO [main] org.apache.coyote.AbstractProtocol.start Starting ProtocolHandler ["http-nio-8080"]
09-Jun-2021 19:13:40.951 INFO [main] org.apache.catalina.startup.Catalina.start Server startup in 5245 ms
09-Jun-2021 19:26:07.284 INFO [main] org.apache.catalina.core.StandardServer.await A valid shutdown command was received via the shutdown port. Stopping the Server instance.
09-Jun-2021 19:26:07.285 INFO [main] org.apache.coyote.AbstractProtocol.pause Pausing ProtocolHandler ["http-nio-8080"]
09-Jun-2021 19:26:07.305 INFO [main] org.apache.catalina.core.StandardService.stopInternal Stopping service [Catalina]
09-Jun-2021 19:26:07.321 INFO [localhost-startStop-2] org.springframework.web.context.support.XmlWebApplicationContext.doClose Closing WebApplicationContext for namespace 'dispatcher-servlet': startup date [Wed Jun 09 19:13:39 ICT 2021]; parent: Root WebApplicationContext
09-Jun-2021 19:26:07.321 INFO [localhost-startStop-2] org.springframework.web.context.support.XmlWebApplicationContext.doClose Closing Root WebApplicationContext: startup date [Wed Jun 09 19:13:39 ICT 2021]; root of context hierarchy
09-Jun-2021 19:26:07.336 WARNING [localhost-startStop-2] org.apache.catalina.loader.WebappClassLoaderBase.clearReferencesJdbc The web application [Management_Mobile] registered the JDBC driver [com.microsoft.sqlserver.jdbc.SQLServerDriver] but failed to unregister it when the web application was stopped. To prevent a memory leak, the JDBC Driver has been forcibly unregistered.
09-Jun-2021 19:26:07.352 INFO [main] org.apache.coyote.AbstractProtocol.stop Stopping ProtocolHandler ["http-nio-8080"]
09-Jun-2021 19:26:07.367 INFO [main] org.apache.coyote.AbstractProtocol.destroy Destroying ProtocolHandler ["http-nio-8080"]
09-Jun-2021 19:26:17.428 INFO [main] org.apache.catalina.startup.VersionLoggerListener.log Server version name:   Apache Tomcat/8.5.64
09-Jun-2021 19:26:17.433 INFO [main] org.apache.catalina.startup.VersionLoggerListener.log Server built:          Mar 4 2021 23:14:16 UTC
09-Jun-2021 19:26:17.433 INFO [main] org.apache.catalina.startup.VersionLoggerListener.log Server version number: 8.5.64.0
09-Jun-2021 19:26:17.433 INFO [main] org.apache.catalina.startup.VersionLoggerListener.log OS Name:               Windows 10
09-Jun-2021 19:26:17.433 INFO [main] org.apache.catalina.startup.VersionLoggerListener.log OS Version:            10.0
09-Jun-2021 19:26:17.433 INFO [main] org.apache.catalina.startup.VersionLoggerListener.log Architecture:          amd64
09-Jun-2021 19:26:17.433 INFO [main] org.apache.catalina.startup.VersionLoggerListener.log Java Home:             C:\Program Files\Java\jdk-14.0.1
09-Jun-2021 19:26:17.434 INFO [main] org.apache.catalina.startup.VersionLoggerListener.log JVM Version:           14.0.1+7
09-Jun-2021 19:26:17.434 INFO [main] org.apache.catalina.startup.VersionLoggerListener.log JVM Vendor:            Oracle Corporation
09-Jun-2021 19:26:17.434 INFO [main] org.apache.catalina.startup.VersionLoggerListener.log CATALINA_BASE:         C:\Users\admin\OneDrive\Documents\NetBeansProjects\Management_Mobile\apache-tomcat-8.5.64
09-Jun-2021 19:26:17.434 INFO [main] org.apache.catalina.startup.VersionLoggerListener.log CATALINA_HOME:         C:\Users\admin\OneDrive\Documents\NetBeansProjects\Management_Mobile\apache-tomcat-8.5.64
09-Jun-2021 19:26:17.435 INFO [main] org.apache.catalina.startup.VersionLoggerListener.log Command line argument: --add-opens=java.base/java.lang=ALL-UNNAMED
09-Jun-2021 19:26:17.436 INFO [main] org.apache.catalina.startup.VersionLoggerListener.log Command line argument: --add-opens=java.base/java.io=ALL-UNNAMED
09-Jun-2021 19:26:17.436 INFO [main] org.apache.catalina.startup.VersionLoggerListener.log Command line argument: --add-opens=java.base/java.util=ALL-UNNAMED
09-Jun-2021 19:26:17.436 INFO [main] org.apache.catalina.startup.VersionLoggerListener.log Command line argument: --add-opens=java.base/java.util.concurrent=ALL-UNNAMED
09-Jun-2021 19:26:17.436 INFO [main] org.apache.catalina.startup.VersionLoggerListener.log Command line argument: --add-opens=java.rmi/sun.rmi.transport=ALL-UNNAMED
09-Jun-2021 19:26:17.436 INFO [main] org.apache.catalina.startup.VersionLoggerListener.log Command line argument: -Djava.util.logging.config.file=C:\Users\admin\OneDrive\Documents\NetBeansProjects\Management_Mobile\apache-tomcat-8.5.64\conf\logging.properties
09-Jun-2021 19:26:17.437 INFO [main] org.apache.catalina.startup.VersionLoggerListener.log Command line argument: -Djava.util.logging.manager=org.apache.juli.ClassLoaderLogManager
09-Jun-2021 19:26:17.437 INFO [main] org.apache.catalina.startup.VersionLoggerListener.log Command line argument: -Dhttp.nonProxyHosts=localhost|127.0.0.1|DESKTOP-MBMJ2MM
09-Jun-2021 19:26:17.437 INFO [main] org.apache.catalina.startup.VersionLoggerListener.log Command line argument: -Djdk.tls.ephemeralDHKeySize=2048
09-Jun-2021 19:26:17.437 INFO [main] org.apache.catalina.startup.VersionLoggerListener.log Command line argument: -Djava.protocol.handler.pkgs=org.apache.catalina.webresources
09-Jun-2021 19:26:17.437 INFO [main] org.apache.catalina.startup.VersionLoggerListener.log Command line argument: -Dignore.endorsed.dirs=
09-Jun-2021 19:26:17.437 INFO [main] org.apache.catalina.startup.VersionLoggerListener.log Command line argument: -Dcatalina.base=C:\Users\admin\OneDrive\Documents\NetBeansProjects\Management_Mobile\apache-tomcat-8.5.64
09-Jun-2021 19:26:17.437 INFO [main] org.apache.catalina.startup.VersionLoggerListener.log Command line argument: -Dcatalina.home=C:\Users\admin\OneDrive\Documents\NetBeansProjects\Management_Mobile\apache-tomcat-8.5.64
09-Jun-2021 19:26:17.437 INFO [main] org.apache.catalina.startup.VersionLoggerListener.log Command line argument: -Djava.io.tmpdir=C:\Users\admin\OneDrive\Documents\NetBeansProjects\Management_Mobile\apache-tomcat-8.5.64\temp
09-Jun-2021 19:26:17.480 INFO [main] org.apache.catalina.core.AprLifecycleListener.lifecycleEvent Loaded Apache Tomcat Native library [1.2.26] using APR version [1.7.0].
09-Jun-2021 19:26:17.480 INFO [main] org.apache.catalina.core.AprLifecycleListener.lifecycleEvent APR capabilities: IPv6 [true], sendfile [true], accept filters [false], random [true].
09-Jun-2021 19:26:17.480 INFO [main] org.apache.catalina.core.AprLifecycleListener.lifecycleEvent APR/OpenSSL configuration: useAprConnector [false], useOpenSSL [true]
09-Jun-2021 19:26:17.487 INFO [main] org.apache.catalina.core.AprLifecycleListener.initializeSSL OpenSSL successfully initialized [OpenSSL 1.1.1i  8 Dec 2020]
09-Jun-2021 19:26:17.558 INFO [main] org.apache.coyote.AbstractProtocol.init Initializing ProtocolHandler ["http-nio-8080"]
09-Jun-2021 19:26:17.652 INFO [main] org.apache.tomcat.util.net.NioSelectorPool.getSharedSelector Using a shared selector for servlet write/read
09-Jun-2021 19:26:17.671 INFO [main] org.apache.catalina.startup.Catalina.load Initialization processed in 828 ms
09-Jun-2021 19:26:17.739 INFO [main] org.apache.catalina.core.StandardService.startInternal Starting service [Catalina]
09-Jun-2021 19:26:17.739 INFO [main] org.apache.catalina.core.StandardEngine.startInternal Starting Servlet Engine: Apache Tomcat/8.5.64
09-Jun-2021 19:26:17.756 INFO [localhost-startStop-1] org.apache.catalina.startup.HostConfig.deployDescriptor Deploying deployment descriptor [C:\Users\admin\OneDrive\Documents\NetBeansProjects\Management_Mobile\apache-tomcat-8.5.64\conf\Catalina\localhost\Management_Mobile.xml]
09-Jun-2021 19:26:21.094 INFO [localhost-startStop-1] org.apache.jasper.servlet.TldScanner.scanJars At least one JAR was scanned for TLDs yet contained no TLDs. Enable debug logging for this logger for a complete list of JARs that were scanned but no TLDs were found in them. Skipping unneeded JARs during scanning can improve startup time and JSP compilation time.
09-Jun-2021 19:26:21.225 INFO [localhost-startStop-1] org.springframework.web.context.ContextLoader.initWebApplicationContext Root WebApplicationContext: initialization started
09-Jun-2021 19:26:21.390 INFO [localhost-startStop-1] org.springframework.web.context.support.XmlWebApplicationContext.prepareRefresh Refreshing Root WebApplicationContext: startup date [Wed Jun 09 19:26:21 ICT 2021]; root of context hierarchy
09-Jun-2021 19:26:21.500 INFO [localhost-startStop-1] org.springframework.beans.factory.xml.XmlBeanDefinitionReader.loadBeanDefinitions Loading XML bean definitions from ServletContext resource [/WEB-INF/applicationContext.xml]
09-Jun-2021 19:26:21.759 INFO [localhost-startStop-1] org.springframework.web.context.ContextLoader.initWebApplicationContext Root WebApplicationContext: initialization completed in 534 ms
09-Jun-2021 19:26:21.811 INFO [localhost-startStop-1] org.springframework.web.servlet.DispatcherServlet.initServletBean FrameworkServlet 'dispatcher': initialization started
09-Jun-2021 19:26:21.832 INFO [localhost-startStop-1] org.springframework.web.context.support.XmlWebApplicationContext.prepareRefresh Refreshing WebApplicationContext for namespace 'dispatcher-servlet': startup date [Wed Jun 09 19:26:21 ICT 2021]; parent: Root WebApplicationContext
09-Jun-2021 19:26:21.833 INFO [localhost-startStop-1] org.springframework.beans.factory.xml.XmlBeanDefinitionReader.loadBeanDefinitions Loading XML bean definitions from ServletContext resource [/WEB-INF/dispatcher-servlet.xml]
09-Jun-2021 19:26:22.129 INFO [localhost-startStop-1] org.springframework.web.servlet.handler.SimpleUrlHandlerMapping.registerHandler Mapped URL path [/index.htm] onto handler 'indexController'
09-Jun-2021 19:26:22.296 INFO [localhost-startStop-1] org.springframework.web.servlet.DispatcherServlet.initServletBean FrameworkServlet 'dispatcher': initialization completed in 484 ms
09-Jun-2021 19:26:22.319 INFO [localhost-startStop-1] org.apache.catalina.startup.HostConfig.deployDescriptor Deployment of deployment descriptor [C:\Users\admin\OneDrive\Documents\NetBeansProjects\Management_Mobile\apache-tomcat-8.5.64\conf\Catalina\localhost\Management_Mobile.xml] has finished in [4,562] ms
09-Jun-2021 19:26:22.321 INFO [localhost-startStop-1] org.apache.catalina.startup.HostConfig.deployDirectory Deploying web application directory [C:\Users\admin\OneDrive\Documents\NetBeansProjects\Management_Mobile\apache-tomcat-8.5.64\webapps\docs]
09-Jun-2021 19:26:22.363 INFO [localhost-startStop-1] org.apache.catalina.startup.HostConfig.deployDirectory Deployment of web application directory [C:\Users\admin\OneDrive\Documents\NetBeansProjects\Management_Mobile\apache-tomcat-8.5.64\webapps\docs] has finished in [42] ms
09-Jun-2021 19:26:22.363 INFO [localhost-startStop-1] org.apache.catalina.startup.HostConfig.deployDirectory Deploying web application directory [C:\Users\admin\OneDrive\Documents\NetBeansProjects\Management_Mobile\apache-tomcat-8.5.64\webapps\examples]
09-Jun-2021 19:26:23.059 INFO [localhost-startStop-1] org.apache.catalina.startup.HostConfig.deployDirectory Deployment of web application directory [C:\Users\admin\OneDrive\Documents\NetBeansProjects\Management_Mobile\apache-tomcat-8.5.64\webapps\examples] has finished in [695] ms
09-Jun-2021 19:26:23.059 INFO [localhost-startStop-1] org.apache.catalina.startup.HostConfig.deployDirectory Deploying web application directory [C:\Users\admin\OneDrive\Documents\NetBeansProjects\Management_Mobile\apache-tomcat-8.5.64\webapps\host-manager]
09-Jun-2021 19:26:23.121 INFO [localhost-startStop-1] org.apache.catalina.startup.HostConfig.deployDirectory Deployment of web application directory [C:\Users\admin\OneDrive\Documents\NetBeansProjects\Management_Mobile\apache-tomcat-8.5.64\webapps\host-manager] has finished in [62] ms
09-Jun-2021 19:26:23.121 INFO [localhost-startStop-1] org.apache.catalina.startup.HostConfig.deployDirectory Deploying web application directory [C:\Users\admin\OneDrive\Documents\NetBeansProjects\Management_Mobile\apache-tomcat-8.5.64\webapps\manager]
09-Jun-2021 19:26:23.176 INFO [localhost-startStop-1] org.apache.catalina.startup.HostConfig.deployDirectory Deployment of web application directory [C:\Users\admin\OneDrive\Documents\NetBeansProjects\Management_Mobile\apache-tomcat-8.5.64\webapps\manager] has finished in [54] ms
09-Jun-2021 19:26:23.176 INFO [localhost-startStop-1] org.apache.catalina.startup.HostConfig.deployDirectory Deploying web application directory [C:\Users\admin\OneDrive\Documents\NetBeansProjects\Management_Mobile\apache-tomcat-8.5.64\webapps\ROOT]
09-Jun-2021 19:26:23.221 INFO [localhost-startStop-1] org.apache.catalina.startup.HostConfig.deployDirectory Deployment of web application directory [C:\Users\admin\OneDrive\Documents\NetBeansProjects\Management_Mobile\apache-tomcat-8.5.64\webapps\ROOT] has finished in [44] ms
09-Jun-2021 19:26:23.227 INFO [main] org.apache.coyote.AbstractProtocol.start Starting ProtocolHandler ["http-nio-8080"]
09-Jun-2021 19:26:23.246 INFO [main] org.apache.catalina.startup.Catalina.start Server startup in 5574 ms
09-Jun-2021 19:30:13.843 INFO [main] org.apache.catalina.core.StandardServer.await A valid shutdown command was received via the shutdown port. Stopping the Server instance.
09-Jun-2021 19:30:13.843 INFO [main] org.apache.coyote.AbstractProtocol.pause Pausing ProtocolHandler ["http-nio-8080"]
09-Jun-2021 19:30:13.865 INFO [main] org.apache.catalina.core.StandardService.stopInternal Stopping service [Catalina]
09-Jun-2021 19:30:13.884 INFO [localhost-startStop-2] org.springframework.web.context.support.XmlWebApplicationContext.doClose Closing WebApplicationContext for namespace 'dispatcher-servlet': startup date [Wed Jun 09 19:26:21 ICT 2021]; parent: Root WebApplicationContext
09-Jun-2021 19:30:13.889 INFO [localhost-startStop-2] org.springframework.web.context.support.XmlWebApplicationContext.doClose Closing Root WebApplicationContext: startup date [Wed Jun 09 19:26:21 ICT 2021]; root of context hierarchy
09-Jun-2021 19:30:13.898 WARNING [localhost-startStop-2] org.apache.catalina.loader.WebappClassLoaderBase.clearReferencesJdbc The web application [Management_Mobile] registered the JDBC driver [com.microsoft.sqlserver.jdbc.SQLServerDriver] but failed to unregister it when the web application was stopped. To prevent a memory leak, the JDBC Driver has been forcibly unregistered.
09-Jun-2021 19:30:13.919 INFO [main] org.apache.coyote.AbstractProtocol.stop Stopping ProtocolHandler ["http-nio-8080"]
09-Jun-2021 19:30:13.923 INFO [main] org.apache.coyote.AbstractProtocol.destroy Destroying ProtocolHandler ["http-nio-8080"]
09-Jun-2021 21:05:22.538 INFO [main] org.apache.catalina.startup.VersionLoggerListener.log Server version name:   Apache Tomcat/8.5.64
09-Jun-2021 21:05:22.543 INFO [main] org.apache.catalina.startup.VersionLoggerListener.log Server built:          Mar 4 2021 23:14:16 UTC
09-Jun-2021 21:05:22.543 INFO [main] org.apache.catalina.startup.VersionLoggerListener.log Server version number: 8.5.64.0
09-Jun-2021 21:05:22.543 INFO [main] org.apache.catalina.startup.VersionLoggerListener.log OS Name:               Windows 10
09-Jun-2021 21:05:22.543 INFO [main] org.apache.catalina.startup.VersionLoggerListener.log OS Version:            10.0
09-Jun-2021 21:05:22.543 INFO [main] org.apache.catalina.startup.VersionLoggerListener.log Architecture:          amd64
09-Jun-2021 21:05:22.543 INFO [main] org.apache.catalina.startup.VersionLoggerListener.log Java Home:             C:\Program Files\Java\jdk-14.0.1
09-Jun-2021 21:05:22.543 INFO [main] org.apache.catalina.startup.VersionLoggerListener.log JVM Version:           14.0.1+7
09-Jun-2021 21:05:22.544 INFO [main] org.apache.catalina.startup.VersionLoggerListener.log JVM Vendor:            Oracle Corporation
09-Jun-2021 21:05:22.544 INFO [main] org.apache.catalina.startup.VersionLoggerListener.log CATALINA_BASE:         C:\Users\admin\OneDrive\Documents\NetBeansProjects\Management_Mobile\apache-tomcat-8.5.64
09-Jun-2021 21:05:22.544 INFO [main] org.apache.catalina.startup.VersionLoggerListener.log CATALINA_HOME:         C:\Users\admin\OneDrive\Documents\NetBeansProjects\Management_Mobile\apache-tomcat-8.5.64
09-Jun-2021 21:05:22.545 INFO [main] org.apache.catalina.startup.VersionLoggerListener.log Command line argument: --add-opens=java.base/java.lang=ALL-UNNAMED
09-Jun-2021 21:05:22.545 INFO [main] org.apache.catalina.startup.VersionLoggerListener.log Command line argument: --add-opens=java.base/java.io=ALL-UNNAMED
09-Jun-2021 21:05:22.546 INFO [main] org.apache.catalina.startup.VersionLoggerListener.log Command line argument: --add-opens=java.base/java.util=ALL-UNNAMED
09-Jun-2021 21:05:22.546 INFO [main] org.apache.catalina.startup.VersionLoggerListener.log Command line argument: --add-opens=java.base/java.util.concurrent=ALL-UNNAMED
09-Jun-2021 21:05:22.546 INFO [main] org.apache.catalina.startup.VersionLoggerListener.log Command line argument: --add-opens=java.rmi/sun.rmi.transport=ALL-UNNAMED
09-Jun-2021 21:05:22.546 INFO [main] org.apache.catalina.startup.VersionLoggerListener.log Command line argument: -Djava.util.logging.config.file=C:\Users\admin\OneDrive\Documents\NetBeansProjects\Management_Mobile\apache-tomcat-8.5.64\conf\logging.properties
09-Jun-2021 21:05:22.547 INFO [main] org.apache.catalina.startup.VersionLoggerListener.log Command line argument: -Djava.util.logging.manager=org.apache.juli.ClassLoaderLogManager
09-Jun-2021 21:05:22.547 INFO [main] org.apache.catalina.startup.VersionLoggerListener.log Command line argument: -Dhttp.nonProxyHosts=localhost|127.0.0.1|DESKTOP-MBMJ2MM
09-Jun-2021 21:05:22.547 INFO [main] org.apache.catalina.startup.VersionLoggerListener.log Command line argument: -Djdk.tls.ephemeralDHKeySize=2048
09-Jun-2021 21:05:22.547 INFO [main] org.apache.catalina.startup.VersionLoggerListener.log Command line argument: -Djava.protocol.handler.pkgs=org.apache.catalina.webresources
09-Jun-2021 21:05:22.547 INFO [main] org.apache.catalina.startup.VersionLoggerListener.log Command line argument: -Dignore.endorsed.dirs=
09-Jun-2021 21:05:22.547 INFO [main] org.apache.catalina.startup.VersionLoggerListener.log Command line argument: -Dcatalina.base=C:\Users\admin\OneDrive\Documents\NetBeansProjects\Management_Mobile\apache-tomcat-8.5.64
09-Jun-2021 21:05:22.547 INFO [main] org.apache.catalina.startup.VersionLoggerListener.log Command line argument: -Dcatalina.home=C:\Users\admin\OneDrive\Documents\NetBeansProjects\Management_Mobile\apache-tomcat-8.5.64
09-Jun-2021 21:05:22.547 INFO [main] org.apache.catalina.startup.VersionLoggerListener.log Command line argument: -Djava.io.tmpdir=C:\Users\admin\OneDrive\Documents\NetBeansProjects\Management_Mobile\apache-tomcat-8.5.64\temp
09-Jun-2021 21:05:22.592 INFO [main] org.apache.catalina.core.AprLifecycleListener.lifecycleEvent Loaded Apache Tomcat Native library [1.2.26] using APR version [1.7.0].
09-Jun-2021 21:05:22.592 INFO [main] org.apache.catalina.core.AprLifecycleListener.lifecycleEvent APR capabilities: IPv6 [true], sendfile [true], accept filters [false], random [true].
09-Jun-2021 21:05:22.593 INFO [main] org.apache.catalina.core.AprLifecycleListener.lifecycleEvent APR/OpenSSL configuration: useAprConnector [false], useOpenSSL [true]
09-Jun-2021 21:05:22.600 INFO [main] org.apache.catalina.core.AprLifecycleListener.initializeSSL OpenSSL successfully initialized [OpenSSL 1.1.1i  8 Dec 2020]
09-Jun-2021 21:05:22.682 INFO [main] org.apache.coyote.AbstractProtocol.init Initializing ProtocolHandler ["http-nio-8080"]
09-Jun-2021 21:05:22.784 INFO [main] org.apache.tomcat.util.net.NioSelectorPool.getSharedSelector Using a shared selector for servlet write/read
09-Jun-2021 21:05:22.807 INFO [main] org.apache.catalina.startup.Catalina.load Initialization processed in 998 ms
09-Jun-2021 21:05:22.885 INFO [main] org.apache.catalina.core.StandardService.startInternal Starting service [Catalina]
09-Jun-2021 21:05:22.885 INFO [main] org.apache.catalina.core.StandardEngine.startInternal Starting Servlet Engine: Apache Tomcat/8.5.64
09-Jun-2021 21:05:22.900 INFO [localhost-startStop-1] org.apache.catalina.startup.HostConfig.deployDescriptor Deploying deployment descriptor [C:\Users\admin\OneDrive\Documents\NetBeansProjects\Management_Mobile\apache-tomcat-8.5.64\conf\Catalina\localhost\Management_Mobile.xml]
09-Jun-2021 21:05:26.629 INFO [localhost-startStop-1] org.apache.jasper.servlet.TldScanner.scanJars At least one JAR was scanned for TLDs yet contained no TLDs. Enable debug logging for this logger for a complete list of JARs that were scanned but no TLDs were found in them. Skipping unneeded JARs during scanning can improve startup time and JSP compilation time.
09-Jun-2021 21:05:26.762 INFO [localhost-startStop-1] org.springframework.web.context.ContextLoader.initWebApplicationContext Root WebApplicationContext: initialization started
09-Jun-2021 21:05:26.925 INFO [localhost-startStop-1] org.springframework.web.context.support.XmlWebApplicationContext.prepareRefresh Refreshing Root WebApplicationContext: startup date [Wed Jun 09 21:05:26 ICT 2021]; root of context hierarchy
09-Jun-2021 21:05:27.057 INFO [localhost-startStop-1] org.springframework.beans.factory.xml.XmlBeanDefinitionReader.loadBeanDefinitions Loading XML bean definitions from ServletContext resource [/WEB-INF/applicationContext.xml]
09-Jun-2021 21:05:27.367 INFO [localhost-startStop-1] org.springframework.web.context.ContextLoader.initWebApplicationContext Root WebApplicationContext: initialization completed in 604 ms
09-Jun-2021 21:05:27.443 INFO [localhost-startStop-1] org.springframework.web.servlet.DispatcherServlet.initServletBean FrameworkServlet 'dispatcher': initialization started
09-Jun-2021 21:05:27.480 INFO [localhost-startStop-1] org.springframework.web.context.support.XmlWebApplicationContext.prepareRefresh Refreshing WebApplicationContext for namespace 'dispatcher-servlet': startup date [Wed Jun 09 21:05:27 ICT 2021]; parent: Root WebApplicationContext
09-Jun-2021 21:05:27.480 INFO [localhost-startStop-1] org.springframework.beans.factory.xml.XmlBeanDefinitionReader.loadBeanDefinitions Loading XML bean definitions from ServletContext resource [/WEB-INF/dispatcher-servlet.xml]
09-Jun-2021 21:05:27.855 INFO [localhost-startStop-1] org.springframework.web.servlet.handler.SimpleUrlHandlerMapping.registerHandler Mapped URL path [/index.htm] onto handler 'indexController'
09-Jun-2021 21:05:28.012 INFO [localhost-startStop-1] org.springframework.web.servlet.DispatcherServlet.initServletBean FrameworkServlet 'dispatcher': initialization completed in 569 ms
09-Jun-2021 21:05:28.036 INFO [localhost-startStop-1] org.apache.catalina.startup.HostConfig.deployDescriptor Deployment of deployment descriptor [C:\Users\admin\OneDrive\Documents\NetBeansProjects\Management_Mobile\apache-tomcat-8.5.64\conf\Catalina\localhost\Management_Mobile.xml] has finished in [5,135] ms
09-Jun-2021 21:05:28.038 INFO [localhost-startStop-1] org.apache.catalina.startup.HostConfig.deployDirectory Deploying web application directory [C:\Users\admin\OneDrive\Documents\NetBeansProjects\Management_Mobile\apache-tomcat-8.5.64\webapps\docs]
09-Jun-2021 21:05:28.091 INFO [localhost-startStop-1] org.apache.catalina.startup.HostConfig.deployDirectory Deployment of web application directory [C:\Users\admin\OneDrive\Documents\NetBeansProjects\Management_Mobile\apache-tomcat-8.5.64\webapps\docs] has finished in [53] ms
09-Jun-2021 21:05:28.092 INFO [localhost-startStop-1] org.apache.catalina.startup.HostConfig.deployDirectory Deploying web application directory [C:\Users\admin\OneDrive\Documents\NetBeansProjects\Management_Mobile\apache-tomcat-8.5.64\webapps\examples]
09-Jun-2021 21:05:28.926 INFO [localhost-startStop-1] org.apache.catalina.startup.HostConfig.deployDirectory Deployment of web application directory [C:\Users\admin\OneDrive\Documents\NetBeansProjects\Management_Mobile\apache-tomcat-8.5.64\webapps\examples] has finished in [834] ms
09-Jun-2021 21:05:28.927 INFO [localhost-startStop-1] org.apache.catalina.startup.HostConfig.deployDirectory Deploying web application directory [C:\Users\admin\OneDrive\Documents\NetBeansProjects\Management_Mobile\apache-tomcat-8.5.64\webapps\host-manager]
09-Jun-2021 21:05:28.992 INFO [localhost-startStop-1] org.apache.catalina.startup.HostConfig.deployDirectory Deployment of web application directory [C:\Users\admin\OneDrive\Documents\NetBeansProjects\Management_Mobile\apache-tomcat-8.5.64\webapps\host-manager] has finished in [66] ms
09-Jun-2021 21:05:28.993 INFO [localhost-startStop-1] org.apache.catalina.startup.HostConfig.deployDirectory Deploying web application directory [C:\Users\admin\OneDrive\Documents\NetBeansProjects\Management_Mobile\apache-tomcat-8.5.64\webapps\manager]
09-Jun-2021 21:05:29.065 INFO [localhost-startStop-1] org.apache.catalina.startup.HostConfig.deployDirectory Deployment of web application directory [C:\Users\admin\OneDrive\Documents\NetBeansProjects\Management_Mobile\apache-tomcat-8.5.64\webapps\manager] has finished in [71] ms
09-Jun-2021 21:05:29.065 INFO [localhost-startStop-1] org.apache.catalina.startup.HostConfig.deployDirectory Deploying web application directory [C:\Users\admin\OneDrive\Documents\NetBeansProjects\Management_Mobile\apache-tomcat-8.5.64\webapps\ROOT]
09-Jun-2021 21:05:29.112 INFO [localhost-startStop-1] org.apache.catalina.startup.HostConfig.deployDirectory Deployment of web application directory [C:\Users\admin\OneDrive\Documents\NetBeansProjects\Management_Mobile\apache-tomcat-8.5.64\webapps\ROOT] has finished in [47] ms
09-Jun-2021 21:05:29.118 INFO [main] org.apache.coyote.AbstractProtocol.start Starting ProtocolHandler ["http-nio-8080"]
09-Jun-2021 21:05:29.136 INFO [main] org.apache.catalina.startup.Catalina.start Server startup in 6327 ms
09-Jun-2021 21:08:04.524 INFO [main] org.apache.catalina.core.StandardServer.await A valid shutdown command was received via the shutdown port. Stopping the Server instance.
09-Jun-2021 21:08:04.525 INFO [main] org.apache.coyote.AbstractProtocol.pause Pausing ProtocolHandler ["http-nio-8080"]
09-Jun-2021 21:08:04.545 INFO [main] org.apache.catalina.core.StandardService.stopInternal Stopping service [Catalina]
09-Jun-2021 21:08:04.569 INFO [localhost-startStop-2] org.springframework.web.context.support.XmlWebApplicationContext.doClose Closing WebApplicationContext for namespace 'dispatcher-servlet': startup date [Wed Jun 09 21:05:27 ICT 2021]; parent: Root WebApplicationContext
09-Jun-2021 21:08:04.574 INFO [localhost-startStop-2] org.springframework.web.context.support.XmlWebApplicationContext.doClose Closing Root WebApplicationContext: startup date [Wed Jun 09 21:05:26 ICT 2021]; root of context hierarchy
09-Jun-2021 21:08:04.590 WARNING [localhost-startStop-2] org.apache.catalina.loader.WebappClassLoaderBase.clearReferencesJdbc The web application [Management_Mobile] registered the JDBC driver [com.microsoft.sqlserver.jdbc.SQLServerDriver] but failed to unregister it when the web application was stopped. To prevent a memory leak, the JDBC Driver has been forcibly unregistered.
09-Jun-2021 21:08:04.618 INFO [main] org.apache.coyote.AbstractProtocol.stop Stopping ProtocolHandler ["http-nio-8080"]
09-Jun-2021 21:08:04.625 INFO [main] org.apache.coyote.AbstractProtocol.destroy Destroying ProtocolHandler ["http-nio-8080"]
